5.1619 	EXP 	Created window1 = Window(allowGUI=True, allowStencil=False, autoLog=True, backendConf=UNKNOWN, backgroundFit=<method-wrapper '__getattribute__' of attributeSetter object at 0x7fc551006910>, backgroundImage=<method-wrapper '__getattribute__' of attributeSetter object at 0x7fc551006880>, bitsMode=UNKNOWN, blendMode='avg', bpc=(8, 8, 8), color=array([-0.0039, -0.0039, -0.0039]), colorSpace='rgb', depthBits=8, fullscr=<method-wrapper '__getattribute__' of attributeSetter object at 0x7fc5510066a0>, gamma=None, gammaErrorPolicy='raise', infoMsg=UNKNOWN, lms=UNKNOWN, monitor=<psychopy.monitors.calibTools.Monitor object at 0x7fc559be3310>, multiSample=False, name='window1', numSamples=2, pos=[0.0, 0.0], screen=0, size=array([1920, 1080]), stencilBits=0, stereo=False, title='PsychoPy', units='deg', useFBO=True, useRetina=False, viewOri=0.0, viewPos=None, viewScale=None, waitBlanking=True, winType='pyglet')
5.1620 	EXP 	window1: backgroundImage = ''
5.1620 	EXP 	window1: backgroundFit = 'none'
5.1622 	EXP 	window1: mouseVisible = <method-wrapper '__getattribute__' of attributeSetter object at 0x7fc551006a30>
5.1626 	EXP 	window1: mouseVisible = <method-wrapper '__getattribute__' of attributeSetter object at 0x7fc551006a30>
5.1651 	EXP 	window1: mouseVisible = <method-wrapper '__getattribute__' of attributeSetter object at 0x7fc551006a30>
5.1657 	EXP 	window1: mouseVisible = <method-wrapper '__getattribute__' of attributeSetter object at 0x7fc551006a30>
5.2092 	EXP 	window1: mouseVisible = <method-wrapper '__getattribute__' of attributeSetter object at 0x7fc551006a30>
5.2093 	EXP 	window1: mouseVisible = <method-wrapper '__getattribute__' of attributeSetter object at 0x7fc551006a30>
5.2099 	EXP 	window1: mouseVisible = <method-wrapper '__getattribute__' of attributeSetter object at 0x7fc551006a30>
5.2106 	EXP 	window1: mouseVisible = <method-wrapper '__getattribute__' of attributeSetter object at 0x7fc551006a30>
5.2270 	EXP 	window1: Attempting to measure frame rate of screen (0) ...
5.2270 	EXP 	window1: recordFrameIntervals = False
5.3782 	EXP 	window1: recordFrameIntervals = True
5.4889 	EXP 	Screen (0) actual frame rate measured at 99.85Hz
5.4889 	EXP 	window1: recordFrameIntervals = False
5.4897 	EXP 	window1: mouseVisible = False
6.3258 	EXP 	replicate_nsd: status = STARTED
6.3263 	EXP 	window1: mouseVisible = False
6.3322 	EXP 	Created text_6 = TextStim(__class__=<class 'psychopy.visual.text.TextStim'>, alignHoriz=method-wrapper(...), alignText='center', alignVert=method-wrapper(...), anchorHoriz='center', anchorVert='center', antialias=True, autoDraw=False, autoLog=True, bold=False, color=array([1., 1., 1.]), colorSpace='rgb', contrast=1.0, depth=-1.0, draggable=False, flipHoriz=False, flipVert=False, font='Open Sans', fontFiles=[], height=0.5, italic=False, languageStyle='LTR', name='text_6', opacity=1.0, ori=0.0, pos=array([0., 0.]), rgb=UNKNOWN, text='', units='deg', win=Window(...), wrapWidth=15.0)
6.3323 	EXP 	window1: mouseVisible = False
6.3407 	EXP 	Created image_2 = ImageStim(__class__=<class 'psychopy.visual.image.ImageStim'>, anchor=('center', 'center'), autoLog=True, color=array([1., 1., 1.]), colorSpace='rgb', contrast=1.0, depth=0.0, draggable=False, flipHoriz=False, flipVert=False, image='default.png', interpolate=True, mask=None, maskParams=None, name='image_2', opacity=1.0, ori=0.0, pos=array([0., 0.]), size=array([8.4, 8.4]), texRes=128.0, units='deg', win=Window(...))
6.3408 	EXP 	window1: mouseVisible = False
6.3438 	EXP 	Created polygon_3 = ShapeStim(__class__=<class 'psychopy.visual.shape.ShapeStim'>, anchor=('center', 'center'), autoDraw=False, autoLog=True, closeShape=True, color=method-wrapper(...), colorSpace='rgb', contrast=None, depth=-1.0, draggable=False, fillColor=array([ 1., -1., -1.]), fillColorSpace='rgb', fillRGB=array([ 1., -1., -1.]), interpolate=True, lineColor=array([-1., -1., -1.]), lineColorSpace='rgb', lineRGB=array([-1., -1., -1.]), lineWidth=3.0, name='polygon_3', opacity=0.5, ori=0.0, pos=array([0., 0.]), size=array([0.2, 0.2]), units='deg', vertices=ndarray(...), win=Window(...), windingRule=None)
6.3439 	EXP 	window1: mouseVisible = False
6.3450 	EXP 	Created text_cue = TextStim(__class__=<class 'psychopy.visual.text.TextStim'>, alignHoriz=method-wrapper(...), alignText='center', alignVert=method-wrapper(...), anchorHoriz='center', anchorVert='center', antialias=True, autoDraw=False, autoLog=True, bold=False, color=array([1., 1., 1.]), colorSpace='rgb', contrast=1.0, depth=0.0, draggable=False, flipHoriz=False, flipVert=False, font='Open Sans', fontFiles=[], height=1.0, italic=False, languageStyle='LTR', name='text_cue', opacity=1.0, ori=0.0, pos=array([0., 0.]), rgb=UNKNOWN, text='', units='deg', win=Window(...), wrapWidth=15.0)
6.3451 	EXP 	window1: mouseVisible = False
6.3495 	EXP 	Created image_4 = ImageStim(__class__=<class 'psychopy.visual.image.ImageStim'>, anchor=('center', 'center'), autoLog=True, color=array([1., 1., 1.]), colorSpace='rgb', contrast=1.0, depth=0.0, draggable=False, flipHoriz=False, flipVert=False, image='blank_whiteborder.jpg', interpolate=True, mask=None, maskParams=None, name='image_4', opacity=1.0, ori=0.0, pos=array([0., 0.]), size=array([8.4, 8.4]), texRes=128.0, units='deg', win=Window(...))
6.3496 	EXP 	window1: mouseVisible = False
6.3526 	EXP 	Created polygon = ShapeStim(__class__=<class 'psychopy.visual.shape.ShapeStim'>, anchor=('center', 'center'), autoDraw=False, autoLog=True, closeShape=True, color=method-wrapper(...), colorSpace='rgb', contrast=None, depth=0.0, draggable=False, fillColor=array([ 1., -1., -1.]), fillColorSpace='rgb', fillRGB=array([ 1., -1., -1.]), interpolate=True, lineColor=array([-1., -1., -1.]), lineColorSpace='rgb', lineRGB=array([-1., -1., -1.]), lineWidth=3.0, name='polygon', opacity=0.5, ori=0.0, pos=array([0., 0.]), size=array([0.2, 0.2]), units='deg', vertices=ndarray(...), win=Window(...), windingRule=None)
6.3527 	EXP 	window1: mouseVisible = False
6.3537 	EXP 	Created text_7 = TextStim(__class__=<class 'psychopy.visual.text.TextStim'>, alignHoriz=method-wrapper(...), alignText='center', alignVert=method-wrapper(...), anchorHoriz='center', anchorVert='center', antialias=True, autoDraw=False, autoLog=True, bold=False, color=array([1., 1., 1.]), colorSpace='rgb', contrast=1.0, depth=-1.0, draggable=False, flipHoriz=False, flipVert=False, font='Open Sans', fontFiles=[], height=0.5, italic=False, languageStyle='LTR', name='text_7', opacity=1.0, ori=0.0, pos=array([0., 0.]), rgb=UNKNOWN, text='', units='deg', win=Window(...), wrapWidth=15.0)
6.3537 	EXP 	window1: mouseVisible = False
6.3775 	EXP 	Created text_3 = TextStim(__class__=<class 'psychopy.visual.text.TextStim'>, alignHoriz=method-wrapper(...), alignText='center', alignVert=method-wrapper(...), anchorHoriz='center', anchorVert='center', antialias=True, autoDraw=False, autoLog=True, bold=False, color=array([1., 1., 1.]), colorSpace='rgb', contrast=1.0, depth=-1.0, draggable=False, flipHoriz=False, flipVert=False, font='Open Sans', fontFiles=[], height=0.5, italic=False, languageStyle='LTR', name='text_3', opacity=1.0, ori=0.0, pos=array([0., 0.]), rgb=UNKNOWN, text='waiting for scanner…', units='deg', win=Window(...), wrapWidth=15.0)
6.3776 	EXP 	window1: mouseVisible = False
6.3814 	EXP 	Created image = ImageStim(__class__=<class 'psychopy.visual.image.ImageStim'>, anchor=('center', 'center'), autoLog=True, color=array([1., 1., 1.]), colorSpace='rgb', contrast=1.0, depth=0.0, draggable=False, flipHoriz=False, flipVert=False, image='default.png', interpolate=True, mask=None, maskParams=None, name='image', opacity=1.0, ori=0.0, pos=array([0., 0.]), size=array([8.4, 8.4]), texRes=128.0, units='deg', win=Window(...))
6.3814 	EXP 	window1: mouseVisible = False
6.3844 	EXP 	Created polygon_5 = ShapeStim(__class__=<class 'psychopy.visual.shape.ShapeStim'>, anchor=('center', 'center'), autoDraw=False, autoLog=True, closeShape=True, color=method-wrapper(...), colorSpace='rgb', contrast=None, depth=-1.0, draggable=False, fillColor=array([ 1., -1., -1.]), fillColorSpace='rgb', fillRGB=array([ 1., -1., -1.]), interpolate=True, lineColor=array([-1., -1., -1.]), lineColorSpace='rgb', lineRGB=array([-1., -1., -1.]), lineWidth=3.0, name='polygon_5', opacity=0.5, ori=0.0, pos=array([0., 0.]), size=array([0.2, 0.2]), units='deg', vertices=ndarray(...), win=Window(...), windingRule=None)
6.3845 	EXP 	window1: mouseVisible = False
6.3855 	EXP 	Created text_cue = TextStim(__class__=<class 'psychopy.visual.text.TextStim'>, alignHoriz=method-wrapper(...), alignText='center', alignVert=method-wrapper(...), anchorHoriz='center', anchorVert='center', antialias=True, autoDraw=False, autoLog=True, bold=False, color=array([1., 1., 1.]), colorSpace='rgb', contrast=1.0, depth=0.0, draggable=False, flipHoriz=False, flipVert=False, font='Open Sans', fontFiles=[], height=1.0, italic=False, languageStyle='LTR', name='text_cue', opacity=1.0, ori=0.0, pos=array([0., 0.]), rgb=UNKNOWN, text='', units='deg', win=Window(...), wrapWidth=15.0)
6.3855 	EXP 	window1: mouseVisible = False
6.3877 	EXP 	Created image_4 = ImageStim(__class__=<class 'psychopy.visual.image.ImageStim'>, anchor=('center', 'center'), autoLog=True, color=array([1., 1., 1.]), colorSpace='rgb', contrast=1.0, depth=0.0, draggable=False, flipHoriz=False, flipVert=False, image='blank_whiteborder.jpg', interpolate=True, mask=None, maskParams=None, name='image_4', opacity=1.0, ori=0.0, pos=array([0., 0.]), size=array([8.4, 8.4]), texRes=128.0, units='deg', win=Window(...))
6.3877 	EXP 	window1: mouseVisible = False
6.3903 	EXP 	Created polygon = ShapeStim(__class__=<class 'psychopy.visual.shape.ShapeStim'>, anchor=('center', 'center'), autoDraw=False, autoLog=True, closeShape=True, color=method-wrapper(...), colorSpace='rgb', contrast=None, depth=0.0, draggable=False, fillColor=array([ 1., -1., -1.]), fillColorSpace='rgb', fillRGB=array([ 1., -1., -1.]), interpolate=True, lineColor=array([-1., -1., -1.]), lineColorSpace='rgb', lineRGB=array([-1., -1., -1.]), lineWidth=3.0, name='polygon', opacity=0.5, ori=0.0, pos=array([0., 0.]), size=array([0.2, 0.2]), units='deg', vertices=ndarray(...), win=Window(...), windingRule=None)
6.3904 	EXP 	window1: mouseVisible = False
6.3913 	EXP 	Created text_5 = TextStim(__class__=<class 'psychopy.visual.text.TextStim'>, alignHoriz=method-wrapper(...), alignText='center', alignVert=method-wrapper(...), anchorHoriz='center', anchorVert='center', antialias=True, autoDraw=False, autoLog=True, bold=False, color=array([1., 1., 1.]), colorSpace='rgb', contrast=1.0, depth=-3.0, draggable=False, flipHoriz=False, flipVert=False, font='Open Sans', fontFiles=[], height=0.5, italic=False, languageStyle='LTR', name='text_5', opacity=1.0, ori=0.0, pos=array([0., 0.]), rgb=UNKNOWN, text='', units='deg', win=Window(...), wrapWidth=15.0)
6.3914 	EXP 	window1: mouseVisible = False
6.3938 	EXP 	Created text_4 = TextStim(__class__=<class 'psychopy.visual.text.TextStim'>, alignHoriz=method-wrapper(...), alignText='center', alignVert=method-wrapper(...), anchorHoriz='center', anchorVert='center', antialias=True, autoDraw=False, autoLog=True, bold=False, color=array([1., 1., 1.]), colorSpace='rgb', contrast=1.0, depth=-1.0, draggable=False, flipHoriz=False, flipVert=False, font='Open Sans', fontFiles=[], height=0.5, italic=False, languageStyle='LTR', name='text_4', opacity=1.0, ori=0.0, pos=array([0., 0.]), rgb=UNKNOWN, text='waiting for scanner…', units='deg', win=Window(...), wrapWidth=15.0)
0.0070 	DATA 	Keypress: 2
0.0211 	EXP 	text_6: height = 0.5
0.0211 	EXP 	text_6: height = 0.5
0.0211 	EXP 	text_6: height = 0.5
0.0211 	EXP 	text_6: text = 'Press any button to begin the practice trials.'
0.0211 	EXP 	text_6: autoDraw = True
0.5979 	EXP 	Imported practice_conditions_files/practice_participant0_.csv as conditions, 20 conditions, 4 params
0.5983 	EXP 	Created sequence: sequential, trialTypes=20, nReps=1, seed=None
0.5984 	EXP 	New trial (rep=0, index=0): OrderedDict([('current_image', 'practice_images/paired_image_2_1.png'), ('trial_index', 0), ('is_blank_trial', 0), ('cue', 'blank')])
0.6125 	DATA 	Keypress: 2
0.6145 	EXP 	text_6: autoDraw = False
0.6145 	EXP 	image_2: image = 'practice_images/paired_image_2_1.png'
0.6145 	EXP 	image_2: autoDraw = True
0.6145 	EXP 	polygon_3: autoDraw = True
2.6166 	EXP 	image_2: autoDraw = False
3.6062 	EXP 	image_2: autoDraw = False
3.6062 	EXP 	polygon_3: autoDraw = False
3.6062 	EXP 	text_cue: height = 1.0
3.6062 	EXP 	text_cue: height = 1.0
3.6062 	EXP 	text_cue: height = 1.0
3.6062 	EXP 	text_cue: text = 'blank'
3.6062 	EXP 	text_cue: autoDraw = True
4.6056 	EXP 	text_cue: autoDraw = False
4.6056 	EXP 	image_4: autoDraw = True
8.6021 	EXP 	image_4: autoDraw = False
8.6021 	EXP 	polygon: autoDraw = True
9.5878 	EXP 	New trial (rep=0, index=1): OrderedDict([('current_image', 'practice_images/paired_image_29_1.png'), ('trial_index', 1), ('is_blank_trial', 0), ('cue', 'giraffe')])
9.6015 	EXP 	polygon: autoDraw = False
9.6015 	EXP 	polygon: autoDraw = False
9.6015 	EXP 	image_2: image = 'practice_images/paired_image_29_1.png'
9.6015 	EXP 	image_2: autoDraw = True
9.6015 	EXP 	polygon_3: autoDraw = True
11.6029 	EXP 	image_2: autoDraw = False
12.6059 	EXP 	image_2: autoDraw = False
12.6059 	EXP 	polygon_3: autoDraw = False
12.6059 	EXP 	text_cue: height = 1.0
12.6059 	EXP 	text_cue: height = 1.0
12.6059 	EXP 	text_cue: height = 1.0
12.6059 	EXP 	text_cue: text = 'giraffe'
12.6059 	EXP 	text_cue: autoDraw = True
13.6061 	EXP 	text_cue: autoDraw = False
13.6061 	EXP 	image_4: autoDraw = True
17.6025 	EXP 	image_4: autoDraw = False
17.6025 	EXP 	polygon: autoDraw = True
18.5950 	EXP 	New trial (rep=0, index=2): OrderedDict([('current_image', 'practice_images/paired_image_22_2.png'), ('trial_index', 2), ('is_blank_trial', 0), ('cue', 'pink appliances')])
18.6077 	EXP 	polygon: autoDraw = False
18.6077 	EXP 	image_2: image = 'practice_images/paired_image_22_2.png'
18.6077 	EXP 	image_2: autoDraw = True
18.6077 	EXP 	polygon_3: autoDraw = True
20.6047 	EXP 	image_2: autoDraw = False
21.6056 	EXP 	image_2: autoDraw = False
21.6056 	EXP 	polygon_3: autoDraw = False
21.6056 	EXP 	text_cue: height = 1.0
21.6056 	EXP 	text_cue: height = 1.0
21.6056 	EXP 	text_cue: height = 1.0
21.6056 	EXP 	text_cue: text = 'pink appliances'
21.6056 	EXP 	text_cue: autoDraw = True
22.2415 	DATA 	Keypress: escape
22.3822 	EXP 	replicate_nsd: status = STOPPED
22.4013 	EXP 	text_cue: autoDraw = False
22.4013 	EXP 	replicate_nsd: status = STOPPED
22.4339 	EXP 	window1: mouseVisible = True
22.5144 	WARNING 	Stopping key buffers but this could be dangerous ifother keyboards rely on the same.
22.5145 	WARNING 	Stopping key buffers but this could be dangerous ifother keyboards rely on the same.
22.5145 	WARNING 	Stopping key buffers but this could be dangerous ifother keyboards rely on the same.
22.5145 	WARNING 	Stopping key buffers but this could be dangerous ifother keyboards rely on the same.
22.5145 	WARNING 	Stopping key buffers but this could be dangerous ifother keyboards rely on the same.
22.5145 	WARNING 	Stopping key buffers but this could be dangerous ifother keyboards rely on the same.
22.5145 	WARNING 	Stopping key buffers but this could be dangerous ifother keyboards rely on the same.
