4.9825 	EXP 	Created window1 = Window(allowGUI=True, allowStencil=False, autoLog=True, backendConf=UNKNOWN, backgroundFit=<method-wrapper '__getattribute__' of attributeSetter object at 0x7f87c8d156a0>, backgroundImage=<method-wrapper '__getattribute__' of attributeSetter object at 0x7f87c8d15640>, bitsMode=UNKNOWN, blendMode='avg', bpc=(8, 8, 8), color=array([-0.0039, -0.0039, -0.0039]), colorSpace='rgb', depthBits=8, fullscr=<method-wrapper '__getattribute__' of attributeSetter object at 0x7f87c8d15490>, gamma=None, gammaErrorPolicy='raise', infoMsg=UNKNOWN, lms=UNKNOWN, monitor=<psychopy.monitors.calibTools.Monitor object at 0x7f87cb70d100>, multiSample=False, name='window1', numSamples=2, pos=[0.0, 0.0], screen=0, size=array([1920, 1080]), stencilBits=0, stereo=False, title='PsychoPy', units='deg', useFBO=True, useRetina=False, viewOri=0.0, viewPos=None, viewScale=None, waitBlanking=True, winType='pyglet')
4.9825 	EXP 	window1: backgroundImage = ''
4.9825 	EXP 	window1: backgroundFit = 'none'
4.9827 	EXP 	window1: mouseVisible = <method-wrapper '__getattribute__' of attributeSetter object at 0x7f87c8d157c0>
4.9830 	EXP 	window1: mouseVisible = <method-wrapper '__getattribute__' of attributeSetter object at 0x7f87c8d157c0>
4.9854 	EXP 	window1: mouseVisible = <method-wrapper '__getattribute__' of attributeSetter object at 0x7f87c8d157c0>
4.9860 	EXP 	window1: mouseVisible = <method-wrapper '__getattribute__' of attributeSetter object at 0x7f87c8d157c0>
5.0282 	EXP 	window1: mouseVisible = <method-wrapper '__getattribute__' of attributeSetter object at 0x7f87c8d157c0>
5.0283 	EXP 	window1: mouseVisible = <method-wrapper '__getattribute__' of attributeSetter object at 0x7f87c8d157c0>
5.0289 	EXP 	window1: mouseVisible = <method-wrapper '__getattribute__' of attributeSetter object at 0x7f87c8d157c0>
5.0295 	EXP 	window1: mouseVisible = <method-wrapper '__getattribute__' of attributeSetter object at 0x7f87c8d157c0>
5.0448 	EXP 	window1: Attempting to measure frame rate of screen (0) ...
5.0448 	EXP 	window1: recordFrameIntervals = False
5.1926 	EXP 	window1: recordFrameIntervals = True
6.1893 	WARNING 	Couldn't measure a consistent frame rate!
  - Is your graphics card set to sync to vertical blank?
  - Are you running other processes on your computer?

6.1901 	EXP 	window1: mouseVisible = False
6.9156 	EXP 	replicate_nsd: status = STARTED
6.9160 	EXP 	window1: mouseVisible = False
6.9222 	EXP 	Created text_6 = TextStim(__class__=<class 'psychopy.visual.text.TextStim'>, alignHoriz=method-wrapper(...), alignText='center', alignVert=method-wrapper(...), anchorHoriz='center', anchorVert='center', antialias=True, autoDraw=False, autoLog=True, bold=False, color=array([1., 1., 1.]), colorSpace='rgb', contrast=1.0, depth=-1.0, draggable=False, flipHoriz=False, flipVert=False, font='Open Sans', fontFiles=[], height=0.5, italic=False, languageStyle='LTR', name='text_6', opacity=1.0, ori=0.0, pos=array([0., 0.]), rgb=UNKNOWN, text='', units='deg', win=Window(...), wrapWidth=15.0)
6.9223 	EXP 	window1: mouseVisible = False
6.9301 	EXP 	Created image_2 = ImageStim(__class__=<class 'psychopy.visual.image.ImageStim'>, anchor=('center', 'center'), autoLog=True, color=array([1., 1., 1.]), colorSpace='rgb', contrast=1.0, depth=0.0, draggable=False, flipHoriz=False, flipVert=False, image='default.png', interpolate=True, mask=None, maskParams=None, name='image_2', opacity=1.0, ori=0.0, pos=array([0., 0.]), size=array([8.4, 8.4]), texRes=128.0, units='deg', win=Window(...))
6.9302 	EXP 	window1: mouseVisible = False
6.9332 	EXP 	Created polygon_3 = ShapeStim(__class__=<class 'psychopy.visual.shape.ShapeStim'>, anchor=('center', 'center'), autoDraw=False, autoLog=True, closeShape=True, color=method-wrapper(...), colorSpace='rgb', contrast=None, depth=-1.0, draggable=False, fillColor=array([ 1., -1., -1.]), fillColorSpace='rgb', fillRGB=array([ 1., -1., -1.]), interpolate=True, lineColor=array([-1., -1., -1.]), lineColorSpace='rgb', lineRGB=array([-1., -1., -1.]), lineWidth=3.0, name='polygon_3', opacity=0.5, ori=0.0, pos=array([0., 0.]), size=array([0.2, 0.2]), units='deg', vertices=ndarray(...), win=Window(...), windingRule=None)
6.9333 	EXP 	window1: mouseVisible = False
6.9368 	EXP 	Created polygon_4 = ShapeStim(__class__=<class 'psychopy.visual.shape.ShapeStim'>, anchor=('center', 'center'), autoDraw=False, autoLog=True, closeShape=True, color=method-wrapper(...), colorSpace='rgb', contrast=None, depth=0.0, draggable=False, fillColor=array([ 1., -1., -1.]), fillColorSpace='rgb', fillRGB=array([ 1., -1., -1.]), interpolate=True, lineColor=array([-1., -1., -1.]), lineColorSpace='rgb', lineRGB=array([-1., -1., -1.]), lineWidth=3.0, name='polygon_4', opacity=0.5, ori=0.0, pos=array([0., 0.]), size=array([0.2, 0.2]), units='deg', vertices=ndarray(...), win=Window(...), windingRule=None)
6.9369 	EXP 	window1: mouseVisible = False
6.9380 	EXP 	Created text_cue = TextStim(__class__=<class 'psychopy.visual.text.TextStim'>, alignHoriz=method-wrapper(...), alignText='center', alignVert=method-wrapper(...), anchorHoriz='center', anchorVert='center', antialias=True, autoDraw=False, autoLog=True, bold=False, color=array([1., 1., 1.]), colorSpace='rgb', contrast=1.0, depth=0.0, draggable=False, flipHoriz=False, flipVert=False, font='Open Sans', fontFiles=[], height=1.0, italic=False, languageStyle='LTR', name='text_cue', opacity=1.0, ori=0.0, pos=array([0., 0.]), rgb=UNKNOWN, text='', units='deg', win=Window(...), wrapWidth=15.0)
6.9381 	EXP 	window1: mouseVisible = False
6.9422 	EXP 	Created image_4 = ImageStim(__class__=<class 'psychopy.visual.image.ImageStim'>, anchor=('center', 'center'), autoLog=True, color=array([1., 1., 1.]), colorSpace='rgb', contrast=1.0, depth=0.0, draggable=False, flipHoriz=False, flipVert=False, image='outline.jpg', interpolate=True, mask=None, maskParams=None, name='image_4', opacity=1.0, ori=0.0, pos=array([0., 0.]), size=array([8.4, 8.4]), texRes=128.0, units='deg', win=Window(...))
6.9423 	EXP 	window1: mouseVisible = False
6.9451 	EXP 	Created polygon = ShapeStim(__class__=<class 'psychopy.visual.shape.ShapeStim'>, anchor=('center', 'center'), autoDraw=False, autoLog=True, closeShape=True, color=method-wrapper(...), colorSpace='rgb', contrast=None, depth=0.0, draggable=False, fillColor=array([ 1., -1., -1.]), fillColorSpace='rgb', fillRGB=array([ 1., -1., -1.]), interpolate=True, lineColor=array([-1., -1., -1.]), lineColorSpace='rgb', lineRGB=array([-1., -1., -1.]), lineWidth=3.0, name='polygon', opacity=0.5, ori=0.0, pos=array([0., 0.]), size=array([0.2, 0.2]), units='deg', vertices=ndarray(...), win=Window(...), windingRule=None)
6.9452 	EXP 	window1: mouseVisible = False
6.9462 	EXP 	Created text_7 = TextStim(__class__=<class 'psychopy.visual.text.TextStim'>, alignHoriz=method-wrapper(...), alignText='center', alignVert=method-wrapper(...), anchorHoriz='center', anchorVert='center', antialias=True, autoDraw=False, autoLog=True, bold=False, color=array([1., 1., 1.]), colorSpace='rgb', contrast=1.0, depth=-1.0, draggable=False, flipHoriz=False, flipVert=False, font='Open Sans', fontFiles=[], height=0.5, italic=False, languageStyle='LTR', name='text_7', opacity=1.0, ori=0.0, pos=array([0., 0.]), rgb=UNKNOWN, text='', units='deg', win=Window(...), wrapWidth=15.0)
6.9462 	EXP 	window1: mouseVisible = False
6.9703 	EXP 	Created text_3 = TextStim(__class__=<class 'psychopy.visual.text.TextStim'>, alignHoriz=method-wrapper(...), alignText='center', alignVert=method-wrapper(...), anchorHoriz='center', anchorVert='center', antialias=True, autoDraw=False, autoLog=True, bold=False, color=array([1., 1., 1.]), colorSpace='rgb', contrast=1.0, depth=-1.0, draggable=False, flipHoriz=False, flipVert=False, font='Open Sans', fontFiles=[], height=0.5, italic=False, languageStyle='LTR', name='text_3', opacity=1.0, ori=0.0, pos=array([0., 0.]), rgb=UNKNOWN, text='waiting for scanner…', units='deg', win=Window(...), wrapWidth=15.0)
6.9704 	EXP 	window1: mouseVisible = False
6.9739 	EXP 	Created image = ImageStim(__class__=<class 'psychopy.visual.image.ImageStim'>, anchor=('center', 'center'), autoLog=True, color=array([1., 1., 1.]), colorSpace='rgb', contrast=1.0, depth=0.0, draggable=False, flipHoriz=False, flipVert=False, image='default.png', interpolate=True, mask=None, maskParams=None, name='image', opacity=1.0, ori=0.0, pos=array([0., 0.]), size=array([8.4, 8.4]), texRes=128.0, units='deg', win=Window(...))
6.9740 	EXP 	window1: mouseVisible = False
6.9768 	EXP 	Created polygon_5 = ShapeStim(__class__=<class 'psychopy.visual.shape.ShapeStim'>, anchor=('center', 'center'), autoDraw=False, autoLog=True, closeShape=True, color=method-wrapper(...), colorSpace='rgb', contrast=None, depth=-1.0, draggable=False, fillColor=array([ 1., -1., -1.]), fillColorSpace='rgb', fillRGB=array([ 1., -1., -1.]), interpolate=True, lineColor=array([-1., -1., -1.]), lineColorSpace='rgb', lineRGB=array([-1., -1., -1.]), lineWidth=3.0, name='polygon_5', opacity=0.5, ori=0.0, pos=array([0., 0.]), size=array([0.2, 0.2]), units='deg', vertices=ndarray(...), win=Window(...), windingRule=None)
6.9768 	EXP 	window1: mouseVisible = False
6.9794 	EXP 	Created polygon_2 = ShapeStim(__class__=<class 'psychopy.visual.shape.ShapeStim'>, anchor=('center', 'center'), autoDraw=False, autoLog=True, closeShape=True, color=method-wrapper(...), colorSpace='rgb', contrast=None, depth=-1.0, draggable=False, fillColor=array([ 1., -1., -1.]), fillColorSpace='rgb', fillRGB=array([ 1., -1., -1.]), interpolate=True, lineColor=array([-1., -1., -1.]), lineColorSpace='rgb', lineRGB=array([-1., -1., -1.]), lineWidth=3.0, name='polygon_2', opacity=0.5, ori=0.0, pos=array([0., 0.]), size=array([0.2, 0.2]), units='deg', vertices=ndarray(...), win=Window(...), windingRule=None)
6.9795 	EXP 	window1: mouseVisible = False
6.9804 	EXP 	Created text_5 = TextStim(__class__=<class 'psychopy.visual.text.TextStim'>, alignHoriz=method-wrapper(...), alignText='center', alignVert=method-wrapper(...), anchorHoriz='center', anchorVert='center', antialias=True, autoDraw=False, autoLog=True, bold=False, color=array([1., 1., 1.]), colorSpace='rgb', contrast=1.0, depth=-3.0, draggable=False, flipHoriz=False, flipVert=False, font='Open Sans', fontFiles=[], height=0.5, italic=False, languageStyle='LTR', name='text_5', opacity=1.0, ori=0.0, pos=array([0., 0.]), rgb=UNKNOWN, text='', units='deg', win=Window(...), wrapWidth=15.0)
6.9804 	EXP 	window1: mouseVisible = False
6.9838 	EXP 	Created text_4 = TextStim(__class__=<class 'psychopy.visual.text.TextStim'>, alignHoriz=method-wrapper(...), alignText='center', alignVert=method-wrapper(...), anchorHoriz='center', anchorVert='center', antialias=True, autoDraw=False, autoLog=True, bold=False, color=array([1., 1., 1.]), colorSpace='rgb', contrast=1.0, depth=-1.0, draggable=False, flipHoriz=False, flipVert=False, font='Open Sans', fontFiles=[], height=0.5, italic=False, languageStyle='LTR', name='text_4', opacity=1.0, ori=0.0, pos=array([0., 0.]), rgb=UNKNOWN, text='waiting for scanner…', units='deg', win=Window(...), wrapWidth=15.0)
0.0110 	EXP 	text_6: height = 0.5
0.0110 	EXP 	text_6: height = 0.5
0.0110 	EXP 	text_6: height = 0.5
0.0110 	EXP 	text_6: text = 'Press any button to begin the practice trials.'
0.0110 	EXP 	text_6: autoDraw = True
0.5314 	EXP 	Imported practice_conditions_files/practice_participant0_.csv as conditions, 20 conditions, 4 params
0.5318 	EXP 	Created sequence: sequential, trialTypes=20, nReps=1, seed=None
0.5319 	EXP 	New trial (rep=0, index=0): OrderedDict([('current_image', 'practice_images/paired_image_2_1.png'), ('trial_index', 0), ('is_blank_trial', 0), ('cue', 'blank')])
0.5479 	DATA 	Keypress: 2
0.5502 	WARNING 	t of last frame was 199.09ms (=1/5)
0.5502 	EXP 	text_6: autoDraw = False
0.5502 	EXP 	image_2: image = 'practice_images/paired_image_2_1.png'
0.5502 	EXP 	image_2: autoDraw = True
0.5502 	EXP 	polygon_3: autoDraw = True
1.1770 	WARNING 	t of last frame was 21.29ms (=1/46)
1.1975 	WARNING 	t of last frame was 20.43ms (=1/48)
1.2377 	WARNING 	t of last frame was 20.47ms (=1/48)
1.2581 	WARNING 	Multiple dropped frames have occurred - I'll stop bothering you about them!
3.5491 	EXP 	image_2: autoDraw = False
4.5370 	EXP 	image_2: autoDraw = False
4.5370 	EXP 	polygon_3: autoDraw = False
4.5370 	EXP 	polygon_4: autoDraw = True
4.7906 	EXP 	polygon_4: autoDraw = False
4.7906 	EXP 	polygon_4: autoDraw = False
4.7906 	EXP 	text_cue: height = 1.0
4.7906 	EXP 	text_cue: height = 1.0
4.7906 	EXP 	text_cue: height = 1.0
4.7906 	EXP 	text_cue: text = 'blank'
4.7906 	EXP 	text_cue: autoDraw = True
6.0372 	EXP 	text_cue: autoDraw = False
6.0372 	EXP 	image_4: autoDraw = True
10.0580 	EXP 	image_4: autoDraw = False
10.0580 	EXP 	polygon: autoDraw = True
11.0303 	EXP 	New trial (rep=0, index=1): OrderedDict([('current_image', 'practice_images/paired_image_29_1.png'), ('trial_index', 1), ('is_blank_trial', 0), ('cue', 'giraffe')])
11.0451 	EXP 	polygon: autoDraw = False
11.0451 	EXP 	image_2: image = 'practice_images/paired_image_29_1.png'
11.0451 	EXP 	image_2: autoDraw = True
11.0451 	EXP 	polygon_3: autoDraw = True
14.0510 	EXP 	image_2: autoDraw = False
15.0367 	EXP 	image_2: autoDraw = False
15.0367 	EXP 	polygon_3: autoDraw = False
15.0367 	EXP 	polygon_4: autoDraw = True
15.2801 	EXP 	polygon_4: autoDraw = False
15.2801 	EXP 	polygon_4: autoDraw = False
15.2801 	EXP 	text_cue: height = 1.0
15.2801 	EXP 	text_cue: height = 1.0
15.2801 	EXP 	text_cue: height = 1.0
15.2801 	EXP 	text_cue: text = 'giraffe'
15.2801 	EXP 	text_cue: autoDraw = True
16.5287 	EXP 	text_cue: autoDraw = False
16.5287 	EXP 	text_cue: autoDraw = False
16.5287 	EXP 	image_4: autoDraw = True
20.5291 	EXP 	image_4: autoDraw = False
20.5291 	EXP 	image_4: autoDraw = False
20.5291 	EXP 	polygon: autoDraw = True
21.5175 	EXP 	New trial (rep=0, index=2): OrderedDict([('current_image', 'practice_images/paired_image_22_2.png'), ('trial_index', 2), ('is_blank_trial', 0), ('cue', 'pink appliances')])
21.5296 	EXP 	polygon: autoDraw = False
21.5296 	EXP 	polygon: autoDraw = False
21.5296 	EXP 	image_2: image = 'practice_images/paired_image_22_2.png'
21.5296 	EXP 	image_2: autoDraw = True
21.5296 	EXP 	polygon_3: autoDraw = True
24.5308 	EXP 	image_2: autoDraw = False
25.5307 	EXP 	polygon_3: autoDraw = False
25.5307 	EXP 	image_2: autoDraw = False
25.5307 	EXP 	polygon_3: autoDraw = False
25.5307 	EXP 	polygon_4: autoDraw = True
25.7796 	EXP 	polygon_4: autoDraw = False
25.7796 	EXP 	polygon_4: autoDraw = False
25.7796 	EXP 	text_cue: height = 1.0
25.7796 	EXP 	text_cue: height = 1.0
25.7796 	EXP 	text_cue: height = 1.0
25.7796 	EXP 	text_cue: text = 'pink appliances'
25.7796 	EXP 	text_cue: autoDraw = True
27.0317 	EXP 	text_cue: autoDraw = False
27.0317 	EXP 	text_cue: autoDraw = False
27.0317 	EXP 	image_4: autoDraw = True
27.9684 	DATA 	Keypress: escape
28.0598 	EXP 	replicate_nsd: status = STOPPED
28.0690 	EXP 	image_4: autoDraw = False
28.0690 	EXP 	replicate_nsd: status = STOPPED
28.0943 	EXP 	window1: mouseVisible = True
28.1702 	WARNING 	Stopping key buffers but this could be dangerous ifother keyboards rely on the same.
28.1703 	WARNING 	Stopping key buffers but this could be dangerous ifother keyboards rely on the same.
28.1703 	WARNING 	Stopping key buffers but this could be dangerous ifother keyboards rely on the same.
28.1703 	WARNING 	Stopping key buffers but this could be dangerous ifother keyboards rely on the same.
28.1703 	WARNING 	Stopping key buffers but this could be dangerous ifother keyboards rely on the same.
28.1703 	WARNING 	Stopping key buffers but this could be dangerous ifother keyboards rely on the same.
28.1703 	WARNING 	Stopping key buffers but this could be dangerous ifother keyboards rely on the same.
28.1703 	WARNING 	Stopping key buffers but this could be dangerous ifother keyboards rely on the same.
