4.4233 	EXP 	Created window1 = Window(allowGUI=True, allowStencil=False, autoLog=True, backendConf=UNKNOWN, backgroundFit=<method-wrapper '__getattribute__' of attributeSetter object at 0x7fad98ba7910>, backgroundImage=<method-wrapper '__getattribute__' of attributeSetter object at 0x7fad98ba78b0>, bitsMode=UNKNOWN, blendMode='avg', bpc=(8, 8, 8), color=array([-0.0039, -0.0039, -0.0039]), colorSpace='rgb', depthBits=8, fullscr=<method-wrapper '__getattribute__' of attributeSetter object at 0x7fad98ba7670>, gamma=None, gammaErrorPolicy='raise', infoMsg=UNKNOWN, lms=UNKNOWN, monitor=<psychopy.monitors.calibTools.Monitor object at 0x7fad988c4340>, multiSample=False, name='window1', numSamples=2, pos=[0.0, 0.0], screen=0, size=array([1920, 1080]), stencilBits=0, stereo=False, title='PsychoPy', units='deg', useFBO=True, useRetina=False, viewOri=0.0, viewPos=None, viewScale=None, waitBlanking=True, winType='pyglet')
4.4234 	EXP 	window1: backgroundImage = ''
4.4234 	EXP 	window1: backgroundFit = 'none'
4.4236 	EXP 	window1: mouseVisible = <method-wrapper '__getattribute__' of attributeSetter object at 0x7fad98ba7a30>
4.4239 	EXP 	window1: mouseVisible = <method-wrapper '__getattribute__' of attributeSetter object at 0x7fad98ba7a30>
4.4259 	EXP 	window1: mouseVisible = <method-wrapper '__getattribute__' of attributeSetter object at 0x7fad98ba7a30>
4.4265 	EXP 	window1: mouseVisible = <method-wrapper '__getattribute__' of attributeSetter object at 0x7fad98ba7a30>
4.4657 	EXP 	window1: mouseVisible = <method-wrapper '__getattribute__' of attributeSetter object at 0x7fad98ba7a30>
4.4659 	EXP 	window1: mouseVisible = <method-wrapper '__getattribute__' of attributeSetter object at 0x7fad98ba7a30>
4.4665 	EXP 	window1: mouseVisible = <method-wrapper '__getattribute__' of attributeSetter object at 0x7fad98ba7a30>
4.4670 	EXP 	window1: mouseVisible = <method-wrapper '__getattribute__' of attributeSetter object at 0x7fad98ba7a30>
4.4827 	EXP 	window1: Attempting to measure frame rate of screen (0) ...
4.4827 	EXP 	window1: recordFrameIntervals = False
4.6254 	EXP 	window1: recordFrameIntervals = True
4.8558 	EXP 	Screen (0) actual frame rate measured at 99.96Hz
4.8558 	EXP 	window1: recordFrameIntervals = False
4.8588 	EXP 	window1: mouseVisible = False
5.6685 	EXP 	replicate_nsd: status = STARTED
5.6688 	EXP 	window1: mouseVisible = False
5.6740 	EXP 	Created text_6 = TextStim(__class__=<class 'psychopy.visual.text.TextStim'>, alignHoriz=method-wrapper(...), alignText='center', alignVert=method-wrapper(...), anchorHoriz='center', anchorVert='center', antialias=True, autoDraw=False, autoLog=True, bold=False, color=array([1., 1., 1.]), colorSpace='rgb', contrast=1.0, depth=-1.0, draggable=False, flipHoriz=False, flipVert=False, font='Open Sans', fontFiles=[], height=0.5, italic=False, languageStyle='LTR', name='text_6', opacity=1.0, ori=0.0, pos=array([0., 0.]), rgb=UNKNOWN, text='', units='deg', win=Window(...), wrapWidth=15.0)
5.6741 	EXP 	window1: mouseVisible = False
5.6752 	EXP 	Created polygon_7 = Rect(__class__=<class 'psychopy.visual.rect.Rect'>, anchor=('center', 'center'), autoDraw=False, autoLog=True, closeShape=True, color=method-wrapper(...), colorSpace='rgb', contrast=None, depth=0.0, draggable=False, fillColor=array([0., 0., 0.]), fillColorSpace='rgb', fillRGB=array([0., 0., 0.]), interpolate=True, lineColor=array([1., 1., 1.]), lineColorSpace='rgb', lineRGB=array([1., 1., 1.]), lineWidth=3.0, name='polygon_7', opacity=0.5, ori=0.0, pos=array([0., 0.]), size=array([8.4, 8.4]), units='deg', vertices=ndarray(...), win=Window(...))
5.6752 	EXP 	window1: mouseVisible = False
5.6817 	EXP 	Created image_2 = ImageStim(__class__=<class 'psychopy.visual.image.ImageStim'>, anchor=('center', 'center'), autoLog=True, color=array([1., 1., 1.]), colorSpace='rgb', contrast=1.0, depth=-1.0, draggable=False, flipHoriz=False, flipVert=False, image='default.png', interpolate=True, mask=None, maskParams=None, name='image_2', opacity=1.0, ori=0.0, pos=array([0., 0.]), size=array([8.4, 8.4]), texRes=128.0, units='deg', win=Window(...))
5.6818 	EXP 	window1: mouseVisible = False
5.6836 	EXP 	Created polygon_3 = ShapeStim(__class__=<class 'psychopy.visual.shape.ShapeStim'>, anchor=('center', 'center'), autoDraw=False, autoLog=True, closeShape=True, color=method-wrapper(...), colorSpace='rgb', contrast=None, depth=-2.0, draggable=False, fillColor=array([ 1., -1., -1.]), fillColorSpace='rgb', fillRGB=array([ 1., -1., -1.]), interpolate=True, lineColor=array([ 1., -1., -1.]), lineColorSpace='rgb', lineRGB=array([ 1., -1., -1.]), lineWidth=3.0, name='polygon_3', opacity=0.5, ori=0.0, pos=array([0., 0.]), size=array([0.2, 0.2]), units='deg', vertices=ndarray(...), win=Window(...), windingRule=None)
5.6837 	EXP 	window1: mouseVisible = False
5.6849 	EXP 	Created text_cue = TextStim(__class__=<class 'psychopy.visual.text.TextStim'>, alignHoriz=method-wrapper(...), alignText='center', alignVert=method-wrapper(...), anchorHoriz='center', anchorVert='center', antialias=True, autoDraw=False, autoLog=True, bold=False, color=array([1., 1., 1.]), colorSpace='rgb', contrast=1.0, depth=0.0, draggable=False, flipHoriz=False, flipVert=False, font='Open Sans', fontFiles=[], height=1.0, italic=False, languageStyle='LTR', name='text_cue', opacity=1.0, ori=0.0, pos=array([0., 0.]), rgb=UNKNOWN, text='', units='deg', win=Window(...), wrapWidth=15.0)
5.6850 	EXP 	window1: mouseVisible = False
5.6860 	EXP 	Created polygon_6 = Rect(__class__=<class 'psychopy.visual.rect.Rect'>, anchor=('center', 'center'), autoDraw=False, autoLog=True, closeShape=True, color=method-wrapper(...), colorSpace='rgb', contrast=None, depth=0.0, draggable=False, fillColor=array([0., 0., 0.]), fillColorSpace='rgb', fillRGB=array([0., 0., 0.]), interpolate=True, lineColor=array([1., 1., 1.]), lineColorSpace='rgb', lineRGB=array([1., 1., 1.]), lineWidth=3.0, name='polygon_6', opacity=0.5, ori=0.0, pos=array([0., 0.]), size=array([8.4, 8.4]), units='deg', vertices=ndarray(...), win=Window(...))
5.6860 	EXP 	window1: mouseVisible = False
5.6896 	EXP 	Created polygon = ShapeStim(__class__=<class 'psychopy.visual.shape.ShapeStim'>, anchor=('center', 'center'), autoDraw=False, autoLog=True, closeShape=True, color=method-wrapper(...), colorSpace='rgb', contrast=None, depth=0.0, draggable=False, fillColor=array([ 1., -1., -1.]), fillColorSpace='rgb', fillRGB=array([ 1., -1., -1.]), interpolate=True, lineColor=array([-1., -1., -1.]), lineColorSpace='rgb', lineRGB=array([-1., -1., -1.]), lineWidth=3.0, name='polygon', opacity=0.5, ori=0.0, pos=array([0., 0.]), size=array([0.2, 0.2]), units='deg', vertices=ndarray(...), win=Window(...), windingRule=None)
5.6897 	EXP 	window1: mouseVisible = False
5.6907 	EXP 	Created text_7 = TextStim(__class__=<class 'psychopy.visual.text.TextStim'>, alignHoriz=method-wrapper(...), alignText='center', alignVert=method-wrapper(...), anchorHoriz='center', anchorVert='center', antialias=True, autoDraw=False, autoLog=True, bold=False, color=array([1., 1., 1.]), colorSpace='rgb', contrast=1.0, depth=-1.0, draggable=False, flipHoriz=False, flipVert=False, font='Open Sans', fontFiles=[], height=0.5, italic=False, languageStyle='LTR', name='text_7', opacity=1.0, ori=0.0, pos=array([0., 0.]), rgb=UNKNOWN, text='', units='deg', win=Window(...), wrapWidth=15.0)
5.6907 	EXP 	window1: mouseVisible = False
5.7131 	EXP 	Created text_3 = TextStim(__class__=<class 'psychopy.visual.text.TextStim'>, alignHoriz=method-wrapper(...), alignText='center', alignVert=method-wrapper(...), anchorHoriz='center', anchorVert='center', antialias=True, autoDraw=False, autoLog=True, bold=False, color=array([1., 1., 1.]), colorSpace='rgb', contrast=1.0, depth=-1.0, draggable=False, flipHoriz=False, flipVert=False, font='Open Sans', fontFiles=[], height=0.5, italic=False, languageStyle='LTR', name='text_3', opacity=1.0, ori=0.0, pos=array([0., 0.]), rgb=UNKNOWN, text='waiting for scanner…', units='deg', win=Window(...), wrapWidth=15.0)
5.7133 	EXP 	window1: mouseVisible = False
5.7161 	EXP 	Created polygon_2 = ShapeStim(__class__=<class 'psychopy.visual.shape.ShapeStim'>, anchor=('center', 'center'), autoDraw=False, autoLog=True, closeShape=True, color=method-wrapper(...), colorSpace='rgb', contrast=None, depth=-1.0, draggable=False, fillColor=array([ 1., -1., -1.]), fillColorSpace='rgb', fillRGB=array([ 1., -1., -1.]), interpolate=True, lineColor=array([-1., -1., -1.]), lineColorSpace='rgb', lineRGB=array([-1., -1., -1.]), lineWidth=3.0, name='polygon_2', opacity=0.5, ori=0.0, pos=array([0., 0.]), size=array([0.2, 0.2]), units='deg', vertices=ndarray(...), win=Window(...), windingRule=None)
5.7162 	EXP 	window1: mouseVisible = False
5.7201 	EXP 	Created image = ImageStim(__class__=<class 'psychopy.visual.image.ImageStim'>, anchor=('center', 'center'), autoLog=True, color=array([1., 1., 1.]), colorSpace='rgb', contrast=1.0, depth=0.0, draggable=False, flipHoriz=False, flipVert=False, image='default.png', interpolate=True, mask=None, maskParams=None, name='image', opacity=1.0, ori=0.0, pos=array([0., 0.]), size=array([8.4, 8.4]), texRes=128.0, units='deg', win=Window(...))
5.7201 	EXP 	window1: mouseVisible = False
5.7228 	EXP 	Created polygon_5 = ShapeStim(__class__=<class 'psychopy.visual.shape.ShapeStim'>, anchor=('center', 'center'), autoDraw=False, autoLog=True, closeShape=True, color=method-wrapper(...), colorSpace='rgb', contrast=None, depth=-1.0, draggable=False, fillColor=array([ 1., -1., -1.]), fillColorSpace='rgb', fillRGB=array([ 1., -1., -1.]), interpolate=True, lineColor=array([-1., -1., -1.]), lineColorSpace='rgb', lineRGB=array([-1., -1., -1.]), lineWidth=3.0, name='polygon_5', opacity=0.5, ori=0.0, pos=array([0., 0.]), size=array([0.2, 0.2]), units='deg', vertices=ndarray(...), win=Window(...), windingRule=None)
5.7229 	EXP 	window1: mouseVisible = False
5.7238 	EXP 	Created text_cue = TextStim(__class__=<class 'psychopy.visual.text.TextStim'>, alignHoriz=method-wrapper(...), alignText='center', alignVert=method-wrapper(...), anchorHoriz='center', anchorVert='center', antialias=True, autoDraw=False, autoLog=True, bold=False, color=array([1., 1., 1.]), colorSpace='rgb', contrast=1.0, depth=0.0, draggable=False, flipHoriz=False, flipVert=False, font='Open Sans', fontFiles=[], height=1.0, italic=False, languageStyle='LTR', name='text_cue', opacity=1.0, ori=0.0, pos=array([0., 0.]), rgb=UNKNOWN, text='', units='deg', win=Window(...), wrapWidth=15.0)
5.7239 	EXP 	window1: mouseVisible = False
5.7249 	EXP 	Created polygon_6 = Rect(__class__=<class 'psychopy.visual.rect.Rect'>, anchor=('center', 'center'), autoDraw=False, autoLog=True, closeShape=True, color=method-wrapper(...), colorSpace='rgb', contrast=None, depth=0.0, draggable=False, fillColor=array([0., 0., 0.]), fillColorSpace='rgb', fillRGB=array([0., 0., 0.]), interpolate=True, lineColor=array([1., 1., 1.]), lineColorSpace='rgb', lineRGB=array([1., 1., 1.]), lineWidth=3.0, name='polygon_6', opacity=0.5, ori=0.0, pos=array([0., 0.]), size=array([8.4, 8.4]), units='deg', vertices=ndarray(...), win=Window(...))
5.7249 	EXP 	window1: mouseVisible = False
5.7277 	EXP 	Created polygon = ShapeStim(__class__=<class 'psychopy.visual.shape.ShapeStim'>, anchor=('center', 'center'), autoDraw=False, autoLog=True, closeShape=True, color=method-wrapper(...), colorSpace='rgb', contrast=None, depth=0.0, draggable=False, fillColor=array([ 1., -1., -1.]), fillColorSpace='rgb', fillRGB=array([ 1., -1., -1.]), interpolate=True, lineColor=array([-1., -1., -1.]), lineColorSpace='rgb', lineRGB=array([-1., -1., -1.]), lineWidth=3.0, name='polygon', opacity=0.5, ori=0.0, pos=array([0., 0.]), size=array([0.2, 0.2]), units='deg', vertices=ndarray(...), win=Window(...), windingRule=None)
5.7278 	EXP 	window1: mouseVisible = False
5.7287 	EXP 	Created text_5 = TextStim(__class__=<class 'psychopy.visual.text.TextStim'>, alignHoriz=method-wrapper(...), alignText='center', alignVert=method-wrapper(...), anchorHoriz='center', anchorVert='center', antialias=True, autoDraw=False, autoLog=True, bold=False, color=array([1., 1., 1.]), colorSpace='rgb', contrast=1.0, depth=-3.0, draggable=False, flipHoriz=False, flipVert=False, font='Open Sans', fontFiles=[], height=0.5, italic=False, languageStyle='LTR', name='text_5', opacity=1.0, ori=0.0, pos=array([0., 0.]), rgb=UNKNOWN, text='', units='deg', win=Window(...), wrapWidth=15.0)
5.7288 	EXP 	window1: mouseVisible = False
5.7313 	EXP 	Created text_4 = TextStim(__class__=<class 'psychopy.visual.text.TextStim'>, alignHoriz=method-wrapper(...), alignText='center', alignVert=method-wrapper(...), anchorHoriz='center', anchorVert='center', antialias=True, autoDraw=False, autoLog=True, bold=False, color=array([1., 1., 1.]), colorSpace='rgb', contrast=1.0, depth=-1.0, draggable=False, flipHoriz=False, flipVert=False, font='Open Sans', fontFiles=[], height=0.5, italic=False, languageStyle='LTR', name='text_4', opacity=1.0, ori=0.0, pos=array([0., 0.]), rgb=UNKNOWN, text='waiting for scanner…', units='deg', win=Window(...), wrapWidth=15.0)
0.0127 	EXP 	text_6: height = 0.5
0.0127 	EXP 	text_6: height = 0.5
0.0127 	EXP 	text_6: height = 0.5
0.0127 	EXP 	text_6: text = 'Press any button to begin the practice trials.'
0.0127 	EXP 	text_6: autoDraw = True
0.5178 	EXP 	Imported practice_conditions_files/practice_participant0_.csv as conditions, 20 conditions, 4 params
0.5182 	EXP 	Created sequence: sequential, trialTypes=20, nReps=1, seed=None
0.5183 	EXP 	New trial (rep=0, index=0): OrderedDict([('current_image', 'practice_images/paired_image_2_1.png'), ('trial_index', 0), ('is_blank_trial', 0), ('cue', 'blank')])
0.5335 	DATA 	Keypress: 2
0.5355 	EXP 	text_6: autoDraw = False
0.5355 	EXP 	image_2: image = 'practice_images/paired_image_2_1.png'
0.5355 	EXP 	polygon_7: autoDraw = True
0.5355 	EXP 	image_2: autoDraw = True
0.5355 	EXP 	polygon_3: autoDraw = True
2.1345 	DATA 	Keypress: escape
2.2849 	EXP 	replicate_nsd: status = STOPPED
2.2941 	EXP 	polygon_7: autoDraw = False
2.2941 	EXP 	image_2: autoDraw = False
2.2941 	EXP 	polygon_3: autoDraw = False
2.2941 	EXP 	replicate_nsd: status = STOPPED
2.3188 	EXP 	window1: mouseVisible = True
2.3934 	WARNING 	Stopping key buffers but this could be dangerous ifother keyboards rely on the same.
2.3935 	WARNING 	Stopping key buffers but this could be dangerous ifother keyboards rely on the same.
2.3935 	WARNING 	Stopping key buffers but this could be dangerous ifother keyboards rely on the same.
2.3935 	WARNING 	Stopping key buffers but this could be dangerous ifother keyboards rely on the same.
2.3935 	WARNING 	Stopping key buffers but this could be dangerous ifother keyboards rely on the same.
2.3935 	WARNING 	Stopping key buffers but this could be dangerous ifother keyboards rely on the same.
2.3936 	WARNING 	Stopping key buffers but this could be dangerous ifother keyboards rely on the same.
2.3936 	WARNING 	Stopping key buffers but this could be dangerous ifother keyboards rely on the same.
