5.6368 	EXP 	Created window1 = Window(allowGUI=True, allowStencil=False, autoLog=True, backendConf=UNKNOWN, backgroundFit=<method-wrapper '__getattribute__' of attributeSetter object at 0x7f9d5aff6700>, backgroundImage=<method-wrapper '__getattribute__' of attributeSetter object at 0x7f9d5aff66a0>, bitsMode=UNKNOWN, blendMode='avg', bpc=(8, 8, 8), color=array([-0.0039, -0.0039, -0.0039]), colorSpace='rgb', depthBits=8, fullscr=<method-wrapper '__getattribute__' of attributeSetter object at 0x7f9d5aff6520>, gamma=None, gammaErrorPolicy='raise', infoMsg=UNKNOWN, lms=UNKNOWN, monitor=<psychopy.monitors.calibTools.Monitor object at 0x7f9d5aba4100>, multiSample=False, name='window1', numSamples=2, pos=[0.0, 0.0], screen=0, size=array([1920, 1080]), stencilBits=0, stereo=False, title='PsychoPy', units='deg', useFBO=True, useRetina=False, viewOri=0.0, viewPos=None, viewScale=None, waitBlanking=True, winType='pyglet')
5.6368 	EXP 	window1: backgroundImage = ''
5.6368 	EXP 	window1: backgroundFit = 'none'
5.6370 	EXP 	window1: mouseVisible = <method-wrapper '__getattribute__' of attributeSetter object at 0x7f9d5aff67f0>
5.6373 	EXP 	window1: mouseVisible = <method-wrapper '__getattribute__' of attributeSetter object at 0x7f9d5aff67f0>
5.6397 	EXP 	window1: mouseVisible = <method-wrapper '__getattribute__' of attributeSetter object at 0x7f9d5aff67f0>
5.6402 	EXP 	window1: mouseVisible = <method-wrapper '__getattribute__' of attributeSetter object at 0x7f9d5aff67f0>
5.6819 	EXP 	window1: mouseVisible = <method-wrapper '__getattribute__' of attributeSetter object at 0x7f9d5aff67f0>
5.6820 	EXP 	window1: mouseVisible = <method-wrapper '__getattribute__' of attributeSetter object at 0x7f9d5aff67f0>
5.6826 	EXP 	window1: mouseVisible = <method-wrapper '__getattribute__' of attributeSetter object at 0x7f9d5aff67f0>
5.6831 	EXP 	window1: mouseVisible = <method-wrapper '__getattribute__' of attributeSetter object at 0x7f9d5aff67f0>
5.6981 	EXP 	window1: Attempting to measure frame rate of screen (0) ...
5.6981 	EXP 	window1: recordFrameIntervals = False
5.8360 	EXP 	window1: recordFrameIntervals = True
6.2563 	EXP 	Screen (0) actual frame rate measured at 100.21Hz
6.2563 	EXP 	window1: recordFrameIntervals = False
6.2573 	EXP 	window1: mouseVisible = False
7.1283 	EXP 	replicate_nsd: status = STARTED
7.1287 	EXP 	window1: mouseVisible = False
7.1352 	EXP 	Created text_6 = TextStim(__class__=<class 'psychopy.visual.text.TextStim'>, alignHoriz=method-wrapper(...), alignText='center', alignVert=method-wrapper(...), anchorHoriz='center', anchorVert='center', antialias=True, autoDraw=False, autoLog=True, bold=False, color=array([1., 1., 1.]), colorSpace='rgb', contrast=1.0, depth=-1.0, draggable=False, flipHoriz=False, flipVert=False, font='Open Sans', fontFiles=[], height=0.5, italic=False, languageStyle='LTR', name='text_6', opacity=1.0, ori=0.0, pos=array([0., 0.]), rgb=UNKNOWN, text='', units='deg', win=Window(...), wrapWidth=15.0)
7.1353 	EXP 	window1: mouseVisible = False
7.1440 	EXP 	Created image_2 = ImageStim(__class__=<class 'psychopy.visual.image.ImageStim'>, anchor=('center', 'center'), autoLog=True, color=array([1., 1., 1.]), colorSpace='rgb', contrast=1.0, depth=0.0, draggable=False, flipHoriz=False, flipVert=False, image='default.png', interpolate=True, mask=None, maskParams=None, name='image_2', opacity=1.0, ori=0.0, pos=array([0., 0.]), size=array([8.4, 8.4]), texRes=128.0, units='deg', win=Window(...))
7.1441 	EXP 	window1: mouseVisible = False
7.1481 	EXP 	Created polygon_3 = ShapeStim(__class__=<class 'psychopy.visual.shape.ShapeStim'>, anchor=('center', 'center'), autoDraw=False, autoLog=True, closeShape=True, color=method-wrapper(...), colorSpace='rgb', contrast=None, depth=-1.0, draggable=False, fillColor=array([ 1., -1., -1.]), fillColorSpace='rgb', fillRGB=array([ 1., -1., -1.]), interpolate=True, lineColor=array([-1., -1., -1.]), lineColorSpace='rgb', lineRGB=array([-1., -1., -1.]), lineWidth=3.0, name='polygon_3', opacity=0.5, ori=0.0, pos=array([0., 0.]), size=array([0.2, 0.2]), units='deg', vertices=ndarray(...), win=Window(...), windingRule=None)
7.1481 	EXP 	window1: mouseVisible = False
7.1509 	EXP 	Created polygon_4 = ShapeStim(__class__=<class 'psychopy.visual.shape.ShapeStim'>, anchor=('center', 'center'), autoDraw=False, autoLog=True, closeShape=True, color=method-wrapper(...), colorSpace='rgb', contrast=None, depth=0.0, draggable=False, fillColor=array([ 1., -1., -1.]), fillColorSpace='rgb', fillRGB=array([ 1., -1., -1.]), interpolate=True, lineColor=array([-1., -1., -1.]), lineColorSpace='rgb', lineRGB=array([-1., -1., -1.]), lineWidth=3.0, name='polygon_4', opacity=0.5, ori=0.0, pos=array([0., 0.]), size=array([0.2, 0.2]), units='deg', vertices=ndarray(...), win=Window(...), windingRule=None)
7.1510 	EXP 	window1: mouseVisible = False
7.1522 	EXP 	Created text_cue = TextStim(__class__=<class 'psychopy.visual.text.TextStim'>, alignHoriz=method-wrapper(...), alignText='center', alignVert=method-wrapper(...), anchorHoriz='center', anchorVert='center', antialias=True, autoDraw=False, autoLog=True, bold=False, color=array([1., 1., 1.]), colorSpace='rgb', contrast=1.0, depth=0.0, draggable=False, flipHoriz=False, flipVert=False, font='Open Sans', fontFiles=[], height=1.0, italic=False, languageStyle='LTR', name='text_cue', opacity=1.0, ori=0.0, pos=array([0., 0.]), rgb=UNKNOWN, text='', units='deg', win=Window(...), wrapWidth=2.0)
7.1522 	EXP 	window1: mouseVisible = False
7.1570 	EXP 	Created image_4 = ImageStim(__class__=<class 'psychopy.visual.image.ImageStim'>, anchor=('center', 'center'), autoLog=True, color=array([1., 1., 1.]), colorSpace='rgb', contrast=1.0, depth=0.0, draggable=False, flipHoriz=False, flipVert=False, image='outline.jpg', interpolate=True, mask=None, maskParams=None, name='image_4', opacity=1.0, ori=0.0, pos=array([0., 0.]), size=array([8.4, 8.4]), texRes=128.0, units='deg', win=Window(...))
7.1571 	EXP 	window1: mouseVisible = False
7.1598 	EXP 	Created polygon = ShapeStim(__class__=<class 'psychopy.visual.shape.ShapeStim'>, anchor=('center', 'center'), autoDraw=False, autoLog=True, closeShape=True, color=method-wrapper(...), colorSpace='rgb', contrast=None, depth=0.0, draggable=False, fillColor=array([ 1., -1., -1.]), fillColorSpace='rgb', fillRGB=array([ 1., -1., -1.]), interpolate=True, lineColor=array([-1., -1., -1.]), lineColorSpace='rgb', lineRGB=array([-1., -1., -1.]), lineWidth=3.0, name='polygon', opacity=0.5, ori=0.0, pos=array([0., 0.]), size=array([0.2, 0.2]), units='deg', vertices=ndarray(...), win=Window(...), windingRule=None)
7.1599 	EXP 	window1: mouseVisible = False
7.1608 	EXP 	Created text_7 = TextStim(__class__=<class 'psychopy.visual.text.TextStim'>, alignHoriz=method-wrapper(...), alignText='center', alignVert=method-wrapper(...), anchorHoriz='center', anchorVert='center', antialias=True, autoDraw=False, autoLog=True, bold=False, color=array([1., 1., 1.]), colorSpace='rgb', contrast=1.0, depth=-1.0, draggable=False, flipHoriz=False, flipVert=False, font='Open Sans', fontFiles=[], height=0.5, italic=False, languageStyle='LTR', name='text_7', opacity=1.0, ori=0.0, pos=array([0., 0.]), rgb=UNKNOWN, text='', units='deg', win=Window(...), wrapWidth=15.0)
7.1609 	EXP 	window1: mouseVisible = False
7.1859 	EXP 	Created text_3 = TextStim(__class__=<class 'psychopy.visual.text.TextStim'>, alignHoriz=method-wrapper(...), alignText='center', alignVert=method-wrapper(...), anchorHoriz='center', anchorVert='center', antialias=True, autoDraw=False, autoLog=True, bold=False, color=array([1., 1., 1.]), colorSpace='rgb', contrast=1.0, depth=-1.0, draggable=False, flipHoriz=False, flipVert=False, font='Open Sans', fontFiles=[], height=0.5, italic=False, languageStyle='LTR', name='text_3', opacity=1.0, ori=0.0, pos=array([0., 0.]), rgb=UNKNOWN, text='waiting for scanner…', units='deg', win=Window(...), wrapWidth=15.0)
7.1860 	EXP 	window1: mouseVisible = False
7.1901 	EXP 	Created image = ImageStim(__class__=<class 'psychopy.visual.image.ImageStim'>, anchor=('center', 'center'), autoLog=True, color=array([1., 1., 1.]), colorSpace='rgb', contrast=1.0, depth=0.0, draggable=False, flipHoriz=False, flipVert=False, image='default.png', interpolate=True, mask=None, maskParams=None, name='image', opacity=1.0, ori=0.0, pos=array([0., 0.]), size=array([8.4, 8.4]), texRes=128.0, units='deg', win=Window(...))
7.1902 	EXP 	window1: mouseVisible = False
7.1931 	EXP 	Created polygon_5 = ShapeStim(__class__=<class 'psychopy.visual.shape.ShapeStim'>, anchor=('center', 'center'), autoDraw=False, autoLog=True, closeShape=True, color=method-wrapper(...), colorSpace='rgb', contrast=None, depth=-1.0, draggable=False, fillColor=array([ 1., -1., -1.]), fillColorSpace='rgb', fillRGB=array([ 1., -1., -1.]), interpolate=True, lineColor=array([-1., -1., -1.]), lineColorSpace='rgb', lineRGB=array([-1., -1., -1.]), lineWidth=3.0, name='polygon_5', opacity=0.5, ori=0.0, pos=array([0., 0.]), size=array([0.2, 0.2]), units='deg', vertices=ndarray(...), win=Window(...), windingRule=None)
7.1932 	EXP 	window1: mouseVisible = False
7.1960 	EXP 	Created polygon_2 = ShapeStim(__class__=<class 'psychopy.visual.shape.ShapeStim'>, anchor=('center', 'center'), autoDraw=False, autoLog=True, closeShape=True, color=method-wrapper(...), colorSpace='rgb', contrast=None, depth=-1.0, draggable=False, fillColor=array([ 1., -1., -1.]), fillColorSpace='rgb', fillRGB=array([ 1., -1., -1.]), interpolate=True, lineColor=array([-1., -1., -1.]), lineColorSpace='rgb', lineRGB=array([-1., -1., -1.]), lineWidth=3.0, name='polygon_2', opacity=0.5, ori=0.0, pos=array([0., 0.]), size=array([0.2, 0.2]), units='deg', vertices=ndarray(...), win=Window(...), windingRule=None)
7.1960 	EXP 	window1: mouseVisible = False
7.1970 	EXP 	Created text_5 = TextStim(__class__=<class 'psychopy.visual.text.TextStim'>, alignHoriz=method-wrapper(...), alignText='center', alignVert=method-wrapper(...), anchorHoriz='center', anchorVert='center', antialias=True, autoDraw=False, autoLog=True, bold=False, color=array([1., 1., 1.]), colorSpace='rgb', contrast=1.0, depth=-3.0, draggable=False, flipHoriz=False, flipVert=False, font='Open Sans', fontFiles=[], height=0.5, italic=False, languageStyle='LTR', name='text_5', opacity=1.0, ori=0.0, pos=array([0., 0.]), rgb=UNKNOWN, text='', units='deg', win=Window(...), wrapWidth=15.0)
7.1971 	EXP 	window1: mouseVisible = False
7.1998 	EXP 	Created text_4 = TextStim(__class__=<class 'psychopy.visual.text.TextStim'>, alignHoriz=method-wrapper(...), alignText='center', alignVert=method-wrapper(...), anchorHoriz='center', anchorVert='center', antialias=True, autoDraw=False, autoLog=True, bold=False, color=array([1., 1., 1.]), colorSpace='rgb', contrast=1.0, depth=-1.0, draggable=False, flipHoriz=False, flipVert=False, font='Open Sans', fontFiles=[], height=0.5, italic=False, languageStyle='LTR', name='text_4', opacity=1.0, ori=0.0, pos=array([0., 0.]), rgb=UNKNOWN, text='waiting for scanner…', units='deg', win=Window(...), wrapWidth=15.0)
0.0133 	EXP 	text_6: height = 0.5
0.0133 	EXP 	text_6: height = 0.5
0.0133 	EXP 	text_6: height = 0.5
0.0133 	EXP 	text_6: text = 'Press any button to begin the practice trials.'
0.0133 	EXP 	text_6: autoDraw = True
1.0496 	EXP 	Imported practice_conditions_files/practice_participant0_.csv as conditions, 20 conditions, 4 params
1.0500 	EXP 	Created sequence: sequential, trialTypes=20, nReps=1, seed=None
1.0501 	EXP 	New trial (rep=0, index=0): OrderedDict([('current_image', 'practice_images/paired_image_2_1.png'), ('trial_index', 0), ('is_blank_trial', 0), ('cue', 'blank')])
1.0688 	DATA 	Keypress: 2
1.0714 	EXP 	text_6: autoDraw = False
1.0714 	EXP 	image_2: image = 'practice_images/paired_image_2_1.png'
1.0714 	EXP 	image_2: autoDraw = True
1.0714 	EXP 	polygon_3: autoDraw = True
4.0624 	EXP 	image_2: autoDraw = False
5.0621 	EXP 	image_2: autoDraw = False
5.0621 	EXP 	polygon_3: autoDraw = False
5.0621 	EXP 	polygon_4: autoDraw = True
5.3288 	EXP 	window1: mouseVisible = True
5.3322 	WARNING 	Stopping key buffers but this could be dangerous ifother keyboards rely on the same.
5.3324 	WARNING 	Stopping key buffers but this could be dangerous ifother keyboards rely on the same.
5.3324 	WARNING 	Stopping key buffers but this could be dangerous ifother keyboards rely on the same.
5.3324 	WARNING 	Stopping key buffers but this could be dangerous ifother keyboards rely on the same.
5.3324 	WARNING 	Stopping key buffers but this could be dangerous ifother keyboards rely on the same.
5.3324 	WARNING 	Stopping key buffers but this could be dangerous ifother keyboards rely on the same.
5.3324 	WARNING 	Stopping key buffers but this could be dangerous ifother keyboards rely on the same.
5.3324 	WARNING 	Stopping key buffers but this could be dangerous ifother keyboards rely on the same.
