9.8628 	WARNING 	User requested fullscreen with size [1792 1120], but screen is actually [2560, 1440]. Using actual size
11.1510 	WARNING 	Couldn't measure a consistent frame rate!
  - Is your graphics card set to sync to vertical blank?
  - Are you running other processes on your computer?

11.1517 	EXP 	Created window1 = Window(allowGUI=True, allowStencil=False, autoLog=True, backendConf=UNKNOWN, backgroundFit=<method-wrapper '__getattribute__' of attributeSetter object at 0x7fa09917a1c0>, backgroundImage=<method-wrapper '__getattribute__' of attributeSetter object at 0x7fa09917a160>, bitsMode=UNKNOWN, blendMode='avg', bpc=(8, 8, 8), color=array([-0.0039, -0.0039, -0.0039]), colorSpace='rgb', depthBits=8, fullscr=<method-wrapper '__getattribute__' of attributeSetter object at 0x7fa08a3997f0>, gamma=None, gammaErrorPolicy='raise', lms=UNKNOWN, monitor=<psychopy.monitors.calibTools.Monitor object at 0x7fa09941a5e0>, multiSample=False, name='window1', numSamples=2, pos=[0.0, 0.0], screen=0, size=array([2560, 1440]), stencilBits=0, stereo=False, title='PsychoPy', units='deg', useFBO=True, useRetina=False, viewOri=0.0, viewPos=None, viewScale=None, waitBlanking=True, winType='pyglet')
11.1518 	EXP 	window1: mouseVisible = True
11.1518 	EXP 	window1: backgroundImage = ''
11.1519 	EXP 	window1: backgroundFit = 'none'
11.1540 	EXP 	window1: Attempting to measure frame rate of screen (0) ...
11.1540 	EXP 	window1: recordFrameIntervals = False
11.2347 	EXP 	window1: recordFrameIntervals = True
12.0685 	WARNING 	Couldn't measure a consistent frame rate!
  - Is your graphics card set to sync to vertical blank?
  - Are you running other processes on your computer?

12.0724 	EXP 	window1: mouseVisible = False
13.0011 	EXP 	replicate_nsd: status = STARTED
13.1683 	EXP 	window1: mouseVisible = True
13.1766 	EXP 	Created text_6 = TextStim(__class__=<class 'psychopy.visual.text.TextStim'>, alignHoriz=method-wrapper(...), alignText='center', alignVert=method-wrapper(...), anchorHoriz='center', anchorVert='center', antialias=True, autoDraw=False, autoLog=True, bold=False, color=array([1., 1., 1.]), colorSpace='rgb', contrast=1.0, depth=-1.0, draggable=False, flipHoriz=False, flipVert=False, font='Open Sans', fontFiles=[], height=0.5, italic=False, languageStyle='LTR', name='text_6', opacity=1.0, ori=0.0, pos=array([0., 0.]), rgb=UNKNOWN, text='', units='deg', win=Window(...), wrapWidth=15.0)
13.1767 	EXP 	window1: mouseVisible = True
13.1973 	EXP 	Created image_2 = ImageStim(__class__=<class 'psychopy.visual.image.ImageStim'>, anchor=('center', 'center'), autoLog=True, color=array([1., 1., 1.]), colorSpace='rgb', contrast=1.0, depth=0.0, draggable=False, flipHoriz=False, flipVert=False, image='default.png', interpolate=True, mask=None, maskParams=None, name='image_2', opacity=1.0, ori=0.0, pos=array([0., 0.]), size=array([8.4, 8.4]), texRes=128.0, units='deg', win=Window(...))
13.3782 	EXP 	window1: mouseVisible = True
13.3835 	EXP 	Created polygon_3 = ShapeStim(__class__=<class 'psychopy.visual.shape.ShapeStim'>, anchor=('center', 'center'), autoDraw=False, autoLog=True, closeShape=True, color=method-wrapper(...), colorSpace='rgb', contrast=None, depth=-2.0, draggable=False, fillColor=array([ 1., -1., -1.]), fillColorSpace='rgb', fillRGB=array([ 1., -1., -1.]), interpolate=True, lineColor=array([-1., -1., -1.]), lineColorSpace='rgb', lineRGB=array([-1., -1., -1.]), lineWidth=3.0, name='polygon_3', opacity=0.5, ori=0.0, pos=array([0., 0.]), size=array([0.2, 0.2]), units='deg', vertices=ndarray(...), win=Window(...), windingRule=None)
13.5522 	EXP 	window1: mouseVisible = True
13.5566 	EXP 	Created polygon_4 = ShapeStim(__class__=<class 'psychopy.visual.shape.ShapeStim'>, anchor=('center', 'center'), autoDraw=False, autoLog=True, closeShape=True, color=method-wrapper(...), colorSpace='rgb', contrast=None, depth=0.0, draggable=False, fillColor=array([ 1., -1., -1.]), fillColorSpace='rgb', fillRGB=array([ 1., -1., -1.]), interpolate=True, lineColor=array([-1., -1., -1.]), lineColorSpace='rgb', lineRGB=array([-1., -1., -1.]), lineWidth=3.0, name='polygon_4', opacity=0.5, ori=0.0, pos=array([0., 0.]), size=array([0.2, 0.2]), units='deg', vertices=ndarray(...), win=Window(...), windingRule=None)
13.7250 	EXP 	window1: mouseVisible = True
13.7261 	EXP 	Created text_7 = TextStim(__class__=<class 'psychopy.visual.text.TextStim'>, alignHoriz=method-wrapper(...), alignText='center', alignVert=method-wrapper(...), anchorHoriz='center', anchorVert='center', antialias=True, autoDraw=False, autoLog=True, bold=False, color=array([1., 1., 1.]), colorSpace='rgb', contrast=1.0, depth=-1.0, draggable=False, flipHoriz=False, flipVert=False, font='Open Sans', fontFiles=[], height=0.5, italic=False, languageStyle='LTR', name='text_7', opacity=1.0, ori=0.0, pos=array([0., 0.]), rgb=UNKNOWN, text='', units='deg', win=Window(...), wrapWidth=15.0)
13.8943 	EXP 	window1: mouseVisible = True
13.9215 	EXP 	Created text_3 = TextStim(__class__=<class 'psychopy.visual.text.TextStim'>, alignHoriz=method-wrapper(...), alignText='center', alignVert=method-wrapper(...), anchorHoriz='center', anchorVert='center', antialias=True, autoDraw=False, autoLog=True, bold=False, color=array([1., 1., 1.]), colorSpace='rgb', contrast=1.0, depth=-1.0, draggable=False, flipHoriz=False, flipVert=False, font='Open Sans', fontFiles=[], height=0.5000000000000002, italic=False, languageStyle='LTR', name='text_3', opacity=1.0, ori=0.0, pos=array([0., 0.]), rgb=UNKNOWN, text='waiting for scanner…', units='deg', win=Window(...), wrapWidth=15.0)
13.9217 	EXP 	window1: mouseVisible = True
13.9320 	EXP 	Created image = ImageStim(__class__=<class 'psychopy.visual.image.ImageStim'>, anchor=('center', 'center'), autoLog=True, color=array([1., 1., 1.]), colorSpace='rgb', contrast=1.0, depth=0.0, draggable=False, flipHoriz=False, flipVert=False, image='default.png', interpolate=True, mask=None, maskParams=None, name='image', opacity=1.0, ori=0.0, pos=array([0., 0.]), size=array([8.4, 8.4]), texRes=128.0, units='deg', win=Window(...))
14.1005 	EXP 	window1: mouseVisible = True
14.1038 	EXP 	Created polygon = ShapeStim(__class__=<class 'psychopy.visual.shape.ShapeStim'>, anchor=('center', 'center'), autoDraw=False, autoLog=True, closeShape=True, color=method-wrapper(...), colorSpace='rgb', contrast=None, depth=-2.0, draggable=False, fillColor=array([ 1., -1., -1.]), fillColorSpace='rgb', fillRGB=array([ 1., -1., -1.]), interpolate=True, lineColor=array([-1., -1., -1.]), lineColorSpace='rgb', lineRGB=array([-1., -1., -1.]), lineWidth=3.0, name='polygon', opacity=0.5, ori=0.0, pos=array([0., 0.]), size=array([0.2, 0.2]), units='deg', vertices=ndarray(...), win=Window(...), windingRule=None)
14.4432 	EXP 	window1: mouseVisible = True
14.4461 	EXP 	Created polygon_2 = ShapeStim(__class__=<class 'psychopy.visual.shape.ShapeStim'>, anchor=('center', 'center'), autoDraw=False, autoLog=True, closeShape=True, color=method-wrapper(...), colorSpace='rgb', contrast=None, depth=-1.0, draggable=False, fillColor=array([ 1., -1., -1.]), fillColorSpace='rgb', fillRGB=array([ 1., -1., -1.]), interpolate=True, lineColor=array([-1., -1., -1.]), lineColorSpace='rgb', lineRGB=array([-1., -1., -1.]), lineWidth=3.0, name='polygon_2', opacity=0.5, ori=0.0, pos=array([0., 0.]), size=array([0.2, 0.2]), units='deg', vertices=ndarray(...), win=Window(...), windingRule=None)
14.6168 	EXP 	window1: mouseVisible = True
14.6179 	EXP 	Created text_5 = TextStim(__class__=<class 'psychopy.visual.text.TextStim'>, alignHoriz=method-wrapper(...), alignText='center', alignVert=method-wrapper(...), anchorHoriz='center', anchorVert='center', antialias=True, autoDraw=False, autoLog=True, bold=False, color=array([1., 1., 1.]), colorSpace='rgb', contrast=1.0, depth=-3.0, draggable=False, flipHoriz=False, flipVert=False, font='Open Sans', fontFiles=[], height=0.5, italic=False, languageStyle='LTR', name='text_5', opacity=1.0, ori=0.0, pos=array([0., 0.]), rgb=UNKNOWN, text='', units='deg', win=Window(...), wrapWidth=15.0)
14.7861 	EXP 	window1: mouseVisible = True
14.7888 	EXP 	Created text_4 = TextStim(__class__=<class 'psychopy.visual.text.TextStim'>, alignHoriz=method-wrapper(...), alignText='center', alignVert=method-wrapper(...), anchorHoriz='center', anchorVert='center', antialias=True, autoDraw=False, autoLog=True, bold=False, color=array([1., 1., 1.]), colorSpace='rgb', contrast=1.0, depth=-1.0, draggable=False, flipHoriz=False, flipVert=False, font='Open Sans', fontFiles=[], height=0.5000000000000002, italic=False, languageStyle='LTR', name='text_4', opacity=1.0, ori=0.0, pos=array([0., 0.]), rgb=UNKNOWN, text='waiting for scanner…', units='deg', win=Window(...), wrapWidth=15.0)
0.0241 	EXP 	text_6: height = 0.5000000000000001
0.0241 	EXP 	text_6: height = 0.5000000000000002
0.0241 	EXP 	text_6: height = 0.5000000000000002
0.0241 	EXP 	text_6: text = 'Press any button to begin the practice trials.'
0.0241 	EXP 	text_6: autoDraw = True
0.9254 	DATA 	Keypress: space
0.9528 	DATA 	Keypress: a
2.4353 	EXP 	Imported practice_conditions_files/practice_participant10_.csv as conditions, 20 conditions, 3 params
2.4363 	EXP 	Created sequence: sequential, trialTypes=20, nReps=1, seed=None
2.4365 	EXP 	New trial (rep=0, index=0): OrderedDict([('current_image', 'practice_images/paired_image_21_2.png'), ('trial_index', 0), ('is_blank_trial', 0)])
2.4479 	DATA 	Keypress: 1
2.4500 	WARNING 	t of last frame was 32.49ms (=1/30)
2.4500 	EXP 	text_6: autoDraw = False
2.4500 	EXP 	image_2: image = 'practice_images/paired_image_21_2.png'
2.4500 	EXP 	polygon_3: autoDraw = True
2.9513 	EXP 	image_2: autoDraw = True
3.3362 	WARNING 	t of last frame was 30.29ms (=1/33)
4.4743 	EXP 	New trial (rep=0, index=1): OrderedDict([('current_image', 'practice_images/paired_image_2_1.png'), ('trial_index', 1), ('is_blank_trial', 0)])
4.4852 	EXP 	image_2: autoDraw = False
4.4852 	EXP 	polygon_3: autoDraw = False
4.4852 	EXP 	image_2: autoDraw = False
4.4852 	EXP 	polygon_3: autoDraw = False
4.4852 	EXP 	polygon_4: autoDraw = False
4.4852 	EXP 	image_2: image = 'practice_images/paired_image_2_1.png'
4.4852 	EXP 	polygon_3: autoDraw = True
4.9861 	EXP 	image_2: autoDraw = True
6.4753 	EXP 	New trial (rep=0, index=2): OrderedDict([('current_image', 'practice_images/paired_image_27_1.png'), ('trial_index', 2), ('is_blank_trial', 0)])
6.4873 	EXP 	image_2: autoDraw = False
6.4873 	EXP 	polygon_3: autoDraw = False
6.4873 	EXP 	image_2: autoDraw = False
6.4873 	EXP 	polygon_3: autoDraw = False
6.4873 	EXP 	polygon_4: autoDraw = False
6.4873 	EXP 	image_2: image = 'practice_images/paired_image_27_1.png'
6.4873 	EXP 	polygon_3: autoDraw = True
6.9923 	EXP 	image_2: autoDraw = True
8.4898 	EXP 	New trial (rep=0, index=3): OrderedDict([('current_image', 'practice_images/paired_image_20_2.png'), ('trial_index', 3), ('is_blank_trial', 0)])
8.5011 	EXP 	image_2: autoDraw = False
8.5011 	EXP 	polygon_3: autoDraw = False
8.5011 	EXP 	image_2: autoDraw = False
8.5011 	EXP 	polygon_3: autoDraw = False
8.5011 	EXP 	polygon_4: autoDraw = False
8.5011 	EXP 	image_2: image = 'practice_images/paired_image_20_2.png'
8.5011 	EXP 	polygon_3: autoDraw = True
8.8931 	DATA 	Keypress: escape
8.9937 	EXP 	image_2: autoDraw = True
9.3134 	DATA 	Keypress: escape
9.4446 	EXP 	replicate_nsd: status = STOPPED
9.4565 	EXP 	image_2: autoDraw = False
9.4565 	EXP 	polygon_3: autoDraw = False
9.4566 	EXP 	replicate_nsd: status = STOPPED
9.4898 	EXP 	window1: mouseVisible = True
