7.7062 	WARNING 	User requested fullscreen with size [1792 1120], but screen is actually [1920, 1080]. Using actual size
8.3468 	EXP 	Created window1 = Window(allowGUI=True, allowStencil=False, autoLog=True, backendConf=UNKNOWN, backgroundFit=<method-wrapper '__getattribute__' of attributeSetter object at 0x7fcb6200c160>, backgroundImage=<method-wrapper '__getattribute__' of attributeSetter object at 0x7fcb6200c100>, bitsMode=UNKNOWN, blendMode='avg', bpc=(8, 8, 8), color=array([-0.0039, -0.0039, -0.0039]), colorSpace='rgb', depthBits=8, fullscr=<method-wrapper '__getattribute__' of attributeSetter object at 0x7fcb6b47cfd0>, gamma=None, gammaErrorPolicy='raise', lms=UNKNOWN, monitor=<psychopy.monitors.calibTools.Monitor object at 0x7fcb62028e50>, multiSample=False, name='window1', numSamples=2, pos=[0.0, 0.0], screen=0, size=array([1920, 1080]), stencilBits=0, stereo=False, title='PsychoPy', units='deg', useFBO=True, useRetina=False, viewOri=0.0, viewPos=None, viewScale=None, waitBlanking=True, winType='pyglet')
8.3470 	EXP 	window1: mouseVisible = True
8.3470 	EXP 	window1: backgroundImage = ''
8.3470 	EXP 	window1: backgroundFit = 'none'
8.3496 	EXP 	window1: Attempting to measure frame rate of screen (0) ...
8.3496 	EXP 	window1: recordFrameIntervals = False
8.4459 	EXP 	window1: recordFrameIntervals = True
8.5556 	WARNING 	t of last frame was 13.05ms (=1/76)
8.5755 	WARNING 	t of last frame was 13.00ms (=1/76)
8.6659 	EXP 	Screen (0) actual frame rate measured at 96.86Hz
8.6659 	EXP 	window1: recordFrameIntervals = False
8.6668 	EXP 	window1: mouseVisible = False
9.1619 	EXP 	replicate_nsd: status = STARTED
9.2142 	EXP 	window1: mouseVisible = True
9.2295 	EXP 	Created text_6 = TextStim(__class__=<class 'psychopy.visual.text.TextStim'>, alignHoriz=method-wrapper(...), alignText='center', alignVert=method-wrapper(...), anchorHoriz='center', anchorVert='center', antialias=True, autoDraw=False, autoLog=True, bold=False, color=array([1., 1., 1.]), colorSpace='rgb', contrast=1.0, depth=-1.0, draggable=False, flipHoriz=False, flipVert=False, font='Open Sans', fontFiles=[], height=0.5, italic=False, languageStyle='LTR', name='text_6', opacity=1.0, ori=0.0, pos=array([0., 0.]), rgb=UNKNOWN, text='', units='deg', win=Window(...), wrapWidth=15.0)
9.2296 	EXP 	window1: mouseVisible = True
9.2530 	EXP 	Created image_2 = ImageStim(__class__=<class 'psychopy.visual.image.ImageStim'>, anchor=('center', 'center'), autoLog=True, color=array([1., 1., 1.]), colorSpace='rgb', contrast=1.0, depth=0.0, draggable=False, flipHoriz=False, flipVert=False, image='default.png', interpolate=True, mask=None, maskParams=None, name='image_2', opacity=1.0, ori=0.0, pos=array([0., 0.]), size=array([8.4, 8.4]), texRes=128.0, units='deg', win=Window(...))
9.3059 	EXP 	window1: mouseVisible = True
9.3117 	EXP 	Created polygon_3 = ShapeStim(__class__=<class 'psychopy.visual.shape.ShapeStim'>, anchor=('center', 'center'), autoDraw=False, autoLog=True, closeShape=True, color=method-wrapper(...), colorSpace='rgb', contrast=None, depth=-2.0, draggable=False, fillColor=array([ 1., -1., -1.]), fillColorSpace='rgb', fillRGB=array([ 1., -1., -1.]), interpolate=True, lineColor=array([-1., -1., -1.]), lineColorSpace='rgb', lineRGB=array([-1., -1., -1.]), lineWidth=3.0, name='polygon_3', opacity=0.5, ori=0.0, pos=array([0., 0.]), size=array([0.2, 0.2]), units='deg', vertices=ndarray(...), win=Window(...), windingRule=None)
9.3642 	EXP 	window1: mouseVisible = True
9.3677 	EXP 	Created polygon_4 = ShapeStim(__class__=<class 'psychopy.visual.shape.ShapeStim'>, anchor=('center', 'center'), autoDraw=False, autoLog=True, closeShape=True, color=method-wrapper(...), colorSpace='rgb', contrast=None, depth=0.0, draggable=False, fillColor=array([ 1., -1., -1.]), fillColorSpace='rgb', fillRGB=array([ 1., -1., -1.]), interpolate=True, lineColor=array([-1., -1., -1.]), lineColorSpace='rgb', lineRGB=array([-1., -1., -1.]), lineWidth=3.0, name='polygon_4', opacity=0.5, ori=0.0, pos=array([0., 0.]), size=array([0.2, 0.2]), units='deg', vertices=ndarray(...), win=Window(...), windingRule=None)
9.4197 	EXP 	window1: mouseVisible = True
9.4207 	EXP 	Created text_7 = TextStim(__class__=<class 'psychopy.visual.text.TextStim'>, alignHoriz=method-wrapper(...), alignText='center', alignVert=method-wrapper(...), anchorHoriz='center', anchorVert='center', antialias=True, autoDraw=False, autoLog=True, bold=False, color=array([1., 1., 1.]), colorSpace='rgb', contrast=1.0, depth=-1.0, draggable=False, flipHoriz=False, flipVert=False, font='Open Sans', fontFiles=[], height=0.5, italic=False, languageStyle='LTR', name='text_7', opacity=1.0, ori=0.0, pos=array([0., 0.]), rgb=UNKNOWN, text='', units='deg', win=Window(...), wrapWidth=15.0)
9.4724 	EXP 	window1: mouseVisible = True
9.4993 	EXP 	Created text_3 = TextStim(__class__=<class 'psychopy.visual.text.TextStim'>, alignHoriz=method-wrapper(...), alignText='center', alignVert=method-wrapper(...), anchorHoriz='center', anchorVert='center', antialias=True, autoDraw=False, autoLog=True, bold=False, color=array([1., 1., 1.]), colorSpace='rgb', contrast=1.0, depth=-1.0, draggable=False, flipHoriz=False, flipVert=False, font='Open Sans', fontFiles=[], height=0.5000000000000002, italic=False, languageStyle='LTR', name='text_3', opacity=1.0, ori=0.0, pos=array([0., 0.]), rgb=UNKNOWN, text='waiting for scanner…', units='deg', win=Window(...), wrapWidth=15.0)
9.4994 	EXP 	window1: mouseVisible = True
9.5103 	EXP 	Created image = ImageStim(__class__=<class 'psychopy.visual.image.ImageStim'>, anchor=('center', 'center'), autoLog=True, color=array([1., 1., 1.]), colorSpace='rgb', contrast=1.0, depth=0.0, draggable=False, flipHoriz=False, flipVert=False, image='default.png', interpolate=True, mask=None, maskParams=None, name='image', opacity=1.0, ori=0.0, pos=array([0., 0.]), size=array([8.4, 8.4]), texRes=128.0, units='deg', win=Window(...))
9.5642 	EXP 	window1: mouseVisible = True
9.5680 	EXP 	Created polygon = ShapeStim(__class__=<class 'psychopy.visual.shape.ShapeStim'>, anchor=('center', 'center'), autoDraw=False, autoLog=True, closeShape=True, color=method-wrapper(...), colorSpace='rgb', contrast=None, depth=-2.0, draggable=False, fillColor=array([ 1., -1., -1.]), fillColorSpace='rgb', fillRGB=array([ 1., -1., -1.]), interpolate=True, lineColor=array([-1., -1., -1.]), lineColorSpace='rgb', lineRGB=array([-1., -1., -1.]), lineWidth=3.0, name='polygon', opacity=0.5, ori=0.0, pos=array([0., 0.]), size=array([0.2, 0.2]), units='deg', vertices=ndarray(...), win=Window(...), windingRule=None)
9.6744 	EXP 	window1: mouseVisible = True
9.6772 	EXP 	Created polygon_2 = ShapeStim(__class__=<class 'psychopy.visual.shape.ShapeStim'>, anchor=('center', 'center'), autoDraw=False, autoLog=True, closeShape=True, color=method-wrapper(...), colorSpace='rgb', contrast=None, depth=-1.0, draggable=False, fillColor=array([ 1., -1., -1.]), fillColorSpace='rgb', fillRGB=array([ 1., -1., -1.]), interpolate=True, lineColor=array([-1., -1., -1.]), lineColorSpace='rgb', lineRGB=array([-1., -1., -1.]), lineWidth=3.0, name='polygon_2', opacity=0.5, ori=0.0, pos=array([0., 0.]), size=array([0.2, 0.2]), units='deg', vertices=ndarray(...), win=Window(...), windingRule=None)
9.7298 	EXP 	window1: mouseVisible = True
9.7309 	EXP 	Created text_5 = TextStim(__class__=<class 'psychopy.visual.text.TextStim'>, alignHoriz=method-wrapper(...), alignText='center', alignVert=method-wrapper(...), anchorHoriz='center', anchorVert='center', antialias=True, autoDraw=False, autoLog=True, bold=False, color=array([1., 1., 1.]), colorSpace='rgb', contrast=1.0, depth=-3.0, draggable=False, flipHoriz=False, flipVert=False, font='Open Sans', fontFiles=[], height=0.5, italic=False, languageStyle='LTR', name='text_5', opacity=1.0, ori=0.0, pos=array([0., 0.]), rgb=UNKNOWN, text='', units='deg', win=Window(...), wrapWidth=15.0)
9.7839 	EXP 	window1: mouseVisible = True
9.7866 	EXP 	Created text_4 = TextStim(__class__=<class 'psychopy.visual.text.TextStim'>, alignHoriz=method-wrapper(...), alignText='center', alignVert=method-wrapper(...), anchorHoriz='center', anchorVert='center', antialias=True, autoDraw=False, autoLog=True, bold=False, color=array([1., 1., 1.]), colorSpace='rgb', contrast=1.0, depth=-1.0, draggable=False, flipHoriz=False, flipVert=False, font='Open Sans', fontFiles=[], height=0.5000000000000002, italic=False, languageStyle='LTR', name='text_4', opacity=1.0, ori=0.0, pos=array([0., 0.]), rgb=UNKNOWN, text='waiting for scanner…', units='deg', win=Window(...), wrapWidth=15.0)
0.0201 	EXP 	text_6: height = 0.5000000000000001
0.0201 	EXP 	text_6: height = 0.5000000000000002
0.0201 	EXP 	text_6: height = 0.5000000000000002
0.0201 	EXP 	text_6: text = 'Press any button to begin the practice trials.'
0.0201 	EXP 	text_6: autoDraw = True
1.2107 	EXP 	Imported practice_conditions_files/practice_participant2_.csv as conditions, 20 conditions, 3 params
1.2120 	EXP 	Created sequence: sequential, trialTypes=20, nReps=1, seed=None
1.2122 	EXP 	New trial (rep=0, index=0): OrderedDict([('current_image', 'practice_images/paired_image_29_1.png'), ('trial_index', 0), ('is_blank_trial', 0)])
1.3141 	DATA 	Keypress: 2
1.3164 	EXP 	text_6: autoDraw = False
1.3164 	EXP 	image_2: image = 'practice_images/paired_image_29_1.png'
1.3164 	EXP 	polygon_3: autoDraw = True
1.9075 	EXP 	image_2: autoDraw = True
3.7004 	EXP 	New trial (rep=0, index=1): OrderedDict([('current_image', 'practice_images/paired_image_12_1.png'), ('trial_index', 1), ('is_blank_trial', 0)])
3.7127 	EXP 	image_2: autoDraw = False
3.7127 	EXP 	polygon_3: autoDraw = False
3.7127 	EXP 	image_2: autoDraw = False
3.7127 	EXP 	polygon_3: autoDraw = False
3.7127 	EXP 	polygon_4: autoDraw = False
3.7127 	EXP 	image_2: image = 'practice_images/paired_image_12_1.png'
3.7127 	EXP 	polygon_3: autoDraw = True
4.3091 	EXP 	image_2: autoDraw = True
6.0989 	EXP 	New trial (rep=0, index=2): OrderedDict([('current_image', 'practice_images/paired_image_22_2.png'), ('trial_index', 2), ('is_blank_trial', 0)])
6.1103 	EXP 	image_2: autoDraw = False
6.1103 	EXP 	polygon_3: autoDraw = False
6.1103 	EXP 	image_2: autoDraw = False
6.1103 	EXP 	polygon_3: autoDraw = False
6.1103 	EXP 	polygon_4: autoDraw = False
6.1103 	EXP 	image_2: image = 'practice_images/paired_image_22_2.png'
6.1103 	EXP 	polygon_3: autoDraw = True
6.7049 	EXP 	image_2: autoDraw = True
8.5002 	EXP 	New trial (rep=0, index=3): OrderedDict([('current_image', 'practice_images/paired_image_20_2.png'), ('trial_index', 3), ('is_blank_trial', 0)])
8.5121 	EXP 	image_2: autoDraw = False
8.5121 	EXP 	polygon_3: autoDraw = False
8.5121 	EXP 	image_2: autoDraw = False
8.5121 	EXP 	polygon_3: autoDraw = False
8.5121 	EXP 	polygon_4: autoDraw = False
8.5121 	EXP 	image_2: image = 'practice_images/paired_image_20_2.png'
8.5121 	EXP 	polygon_3: autoDraw = True
9.2592 	EXP 	image_2: autoDraw = True
11.0477 	EXP 	New trial (rep=0, index=4): OrderedDict([('current_image', 'practice_images/paired_image_33_1.png'), ('trial_index', 4), ('is_blank_trial', 0)])
11.0580 	EXP 	image_2: autoDraw = False
11.0580 	EXP 	polygon_3: autoDraw = False
11.0580 	EXP 	image_2: autoDraw = False
11.0580 	EXP 	polygon_3: autoDraw = False
11.0580 	EXP 	polygon_4: autoDraw = False
11.0580 	EXP 	image_2: image = 'practice_images/paired_image_33_1.png'
11.0580 	EXP 	polygon_3: autoDraw = True
11.6562 	EXP 	image_2: autoDraw = True
13.4500 	EXP 	New trial (rep=0, index=5): OrderedDict([('current_image', 'practice_images/paired_image_6_2.png'), ('trial_index', 5), ('is_blank_trial', 0)])
13.4626 	EXP 	image_2: autoDraw = False
13.4626 	EXP 	polygon_3: autoDraw = False
13.4626 	EXP 	image_2: autoDraw = False
13.4626 	EXP 	polygon_3: autoDraw = False
13.4626 	EXP 	polygon_4: autoDraw = False
13.4626 	EXP 	image_2: image = 'practice_images/paired_image_6_2.png'
13.4626 	EXP 	polygon_3: autoDraw = True
14.6277 	EXP 	image_2: autoDraw = True
16.5828 	EXP 	New trial (rep=0, index=6): OrderedDict([('current_image', 'practice_images/paired_image_28_1.png'), ('trial_index', 6), ('is_blank_trial', 0)])
16.5951 	EXP 	image_2: autoDraw = False
16.5951 	EXP 	polygon_3: autoDraw = False
16.5951 	EXP 	image_2: autoDraw = False
16.5951 	EXP 	polygon_3: autoDraw = False
16.5951 	EXP 	polygon_4: autoDraw = False
16.5951 	EXP 	image_2: image = 'practice_images/paired_image_28_1.png'
16.5951 	EXP 	polygon_3: autoDraw = True
17.7271 	EXP 	image_2: autoDraw = True
19.5201 	EXP 	New trial (rep=0, index=7): OrderedDict([('current_image', 'practice_images/paired_image_15_1.png'), ('trial_index', 7), ('is_blank_trial', 0)])
19.5313 	EXP 	image_2: autoDraw = False
19.5313 	EXP 	polygon_3: autoDraw = False
19.5313 	EXP 	image_2: autoDraw = False
19.5313 	EXP 	polygon_3: autoDraw = False
19.5313 	EXP 	polygon_4: autoDraw = False
19.5313 	EXP 	image_2: image = 'practice_images/paired_image_15_1.png'
19.5313 	EXP 	polygon_3: autoDraw = True
20.1291 	EXP 	image_2: autoDraw = True
21.9205 	EXP 	New trial (rep=0, index=8): OrderedDict([('current_image', 'practice_images/paired_image_15_2.png'), ('trial_index', 8), ('is_blank_trial', 0)])
22.0144 	DATA 	Keypress: escape
22.0169 	EXP 	image_2: autoDraw = False
22.0169 	EXP 	polygon_3: autoDraw = False
22.0169 	EXP 	image_2: autoDraw = False
22.0169 	EXP 	polygon_3: autoDraw = False
22.0169 	EXP 	polygon_4: autoDraw = False
22.0169 	EXP 	image_2: image = 'practice_images/paired_image_15_2.png'
22.0169 	EXP 	polygon_3: autoDraw = True
22.5854 	EXP 	image_2: autoDraw = True
22.8145 	DATA 	Keypress: escape
22.9793 	EXP 	replicate_nsd: status = STOPPED
22.9906 	EXP 	image_2: autoDraw = False
22.9906 	EXP 	polygon_3: autoDraw = False
22.9908 	EXP 	replicate_nsd: status = STOPPED
23.0259 	EXP 	window1: mouseVisible = True
