5.8126 	EXP 	Created window1 = Window(allowGUI=True, allowStencil=False, autoLog=True, backendConf=UNKNOWN, backgroundFit=<method-wrapper '__getattribute__' of attributeSetter object at 0x7feab1e7e9d0>, backgroundImage=<method-wrapper '__getattribute__' of attributeSetter object at 0x7feab1e7e970>, bitsMode=UNKNOWN, blendMode='avg', bpc=(8, 8, 8), color=array([-0.0039, -0.0039, -0.0039]), colorSpace='rgb', depthBits=8, fullscr=<method-wrapper '__getattribute__' of attributeSetter object at 0x7feab1e7e3a0>, gamma=None, gammaErrorPolicy='raise', infoMsg=UNKNOWN, lms=UNKNOWN, monitor=<psychopy.monitors.calibTools.Monitor object at 0x7feab0dd13d0>, multiSample=False, name='window1', numSamples=2, pos=[0.0, 0.0], screen=0, size=array([1920, 1080]), stencilBits=0, stereo=False, title='PsychoPy', units='deg', useFBO=True, useRetina=False, viewOri=0.0, viewPos=None, viewScale=None, waitBlanking=True, winType='pyglet')
5.8127 	EXP 	window1: backgroundImage = ''
5.8127 	EXP 	window1: backgroundFit = 'none'
5.8129 	EXP 	window1: mouseVisible = <method-wrapper '__getattribute__' of attributeSetter object at 0x7feab1e7e760>
5.8131 	EXP 	window1: mouseVisible = <method-wrapper '__getattribute__' of attributeSetter object at 0x7feab1e7e760>
5.8154 	EXP 	window1: mouseVisible = <method-wrapper '__getattribute__' of attributeSetter object at 0x7feab1e7e760>
5.8159 	EXP 	window1: mouseVisible = <method-wrapper '__getattribute__' of attributeSetter object at 0x7feab1e7e760>
5.8559 	EXP 	window1: mouseVisible = <method-wrapper '__getattribute__' of attributeSetter object at 0x7feab1e7e760>
5.8560 	EXP 	window1: mouseVisible = <method-wrapper '__getattribute__' of attributeSetter object at 0x7feab1e7e760>
5.8566 	EXP 	window1: mouseVisible = <method-wrapper '__getattribute__' of attributeSetter object at 0x7feab1e7e760>
5.8571 	EXP 	window1: mouseVisible = <method-wrapper '__getattribute__' of attributeSetter object at 0x7feab1e7e760>
5.8755 	EXP 	window1: Attempting to measure frame rate of screen (0) ...
5.8755 	EXP 	window1: recordFrameIntervals = False
6.0097 	EXP 	window1: recordFrameIntervals = True
6.1200 	EXP 	Screen (0) actual frame rate measured at 99.82Hz
6.1200 	EXP 	window1: recordFrameIntervals = False
6.1213 	EXP 	window1: mouseVisible = False
7.0504 	EXP 	replicate_nsd: status = STARTED
7.0508 	EXP 	window1: mouseVisible = False
7.0576 	EXP 	Created text_6 = TextStim(__class__=<class 'psychopy.visual.text.TextStim'>, alignHoriz=method-wrapper(...), alignText='center', alignVert=method-wrapper(...), anchorHoriz='center', anchorVert='center', antialias=True, autoDraw=False, autoLog=True, bold=False, color=array([1., 1., 1.]), colorSpace='rgb', contrast=1.0, depth=-1.0, draggable=False, flipHoriz=False, flipVert=False, font='Open Sans', fontFiles=[], height=0.5, italic=False, languageStyle='LTR', name='text_6', opacity=1.0, ori=0.0, pos=array([0., 0.]), rgb=UNKNOWN, text='', units='deg', win=Window(...), wrapWidth=15.0)
7.0577 	EXP 	window1: mouseVisible = False
7.0657 	EXP 	Created image_2 = ImageStim(__class__=<class 'psychopy.visual.image.ImageStim'>, anchor=('center', 'center'), autoLog=True, color=array([1., 1., 1.]), colorSpace='rgb', contrast=1.0, depth=0.0, draggable=False, flipHoriz=False, flipVert=False, image='default.png', interpolate=True, mask=None, maskParams=None, name='image_2', opacity=1.0, ori=0.0, pos=array([0., 0.]), size=array([8.4, 8.4]), texRes=128.0, units='deg', win=Window(...))
7.0658 	EXP 	window1: mouseVisible = False
7.0689 	EXP 	Created polygon_3 = ShapeStim(__class__=<class 'psychopy.visual.shape.ShapeStim'>, anchor=('center', 'center'), autoDraw=False, autoLog=True, closeShape=True, color=method-wrapper(...), colorSpace='rgb', contrast=None, depth=-2.0, draggable=False, fillColor=array([ 1., -1., -1.]), fillColorSpace='rgb', fillRGB=array([ 1., -1., -1.]), interpolate=True, lineColor=array([-1., -1., -1.]), lineColorSpace='rgb', lineRGB=array([-1., -1., -1.]), lineWidth=3.0, name='polygon_3', opacity=0.5, ori=0.0, pos=array([0., 0.]), size=array([0.2, 0.2]), units='deg', vertices=ndarray(...), win=Window(...), windingRule=None)
7.0689 	EXP 	window1: mouseVisible = False
7.0716 	EXP 	Created polygon_4 = ShapeStim(__class__=<class 'psychopy.visual.shape.ShapeStim'>, anchor=('center', 'center'), autoDraw=False, autoLog=True, closeShape=True, color=method-wrapper(...), colorSpace='rgb', contrast=None, depth=0.0, draggable=False, fillColor=array([ 1., -1., -1.]), fillColorSpace='rgb', fillRGB=array([ 1., -1., -1.]), interpolate=True, lineColor=array([-1., -1., -1.]), lineColorSpace='rgb', lineRGB=array([-1., -1., -1.]), lineWidth=3.0, name='polygon_4', opacity=0.5, ori=0.0, pos=array([0., 0.]), size=array([0.2, 0.2]), units='deg', vertices=ndarray(...), win=Window(...), windingRule=None)
7.0717 	EXP 	window1: mouseVisible = False
7.0726 	EXP 	Created text_7 = TextStim(__class__=<class 'psychopy.visual.text.TextStim'>, alignHoriz=method-wrapper(...), alignText='center', alignVert=method-wrapper(...), anchorHoriz='center', anchorVert='center', antialias=True, autoDraw=False, autoLog=True, bold=False, color=array([1., 1., 1.]), colorSpace='rgb', contrast=1.0, depth=-1.0, draggable=False, flipHoriz=False, flipVert=False, font='Open Sans', fontFiles=[], height=0.5, italic=False, languageStyle='LTR', name='text_7', opacity=1.0, ori=0.0, pos=array([0., 0.]), rgb=UNKNOWN, text='', units='deg', win=Window(...), wrapWidth=15.0)
7.0727 	EXP 	window1: mouseVisible = False
7.0966 	EXP 	Created text_3 = TextStim(__class__=<class 'psychopy.visual.text.TextStim'>, alignHoriz=method-wrapper(...), alignText='center', alignVert=method-wrapper(...), anchorHoriz='center', anchorVert='center', antialias=True, autoDraw=False, autoLog=True, bold=False, color=array([1., 1., 1.]), colorSpace='rgb', contrast=1.0, depth=-1.0, draggable=False, flipHoriz=False, flipVert=False, font='Open Sans', fontFiles=[], height=0.5, italic=False, languageStyle='LTR', name='text_3', opacity=1.0, ori=0.0, pos=array([0., 0.]), rgb=UNKNOWN, text='waiting for scanner…', units='deg', win=Window(...), wrapWidth=15.0)
7.0967 	EXP 	window1: mouseVisible = False
7.1004 	EXP 	Created image = ImageStim(__class__=<class 'psychopy.visual.image.ImageStim'>, anchor=('center', 'center'), autoLog=True, color=array([1., 1., 1.]), colorSpace='rgb', contrast=1.0, depth=0.0, draggable=False, flipHoriz=False, flipVert=False, image='default.png', interpolate=True, mask=None, maskParams=None, name='image', opacity=1.0, ori=0.0, pos=array([0., 0.]), size=array([8.4, 8.4]), texRes=128.0, units='deg', win=Window(...))
7.1005 	EXP 	window1: mouseVisible = False
7.1032 	EXP 	Created polygon = ShapeStim(__class__=<class 'psychopy.visual.shape.ShapeStim'>, anchor=('center', 'center'), autoDraw=False, autoLog=True, closeShape=True, color=method-wrapper(...), colorSpace='rgb', contrast=None, depth=-2.0, draggable=False, fillColor=array([ 1., -1., -1.]), fillColorSpace='rgb', fillRGB=array([ 1., -1., -1.]), interpolate=True, lineColor=array([-1., -1., -1.]), lineColorSpace='rgb', lineRGB=array([-1., -1., -1.]), lineWidth=3.0, name='polygon', opacity=0.5, ori=0.0, pos=array([0., 0.]), size=array([0.2, 0.2]), units='deg', vertices=ndarray(...), win=Window(...), windingRule=None)
7.1033 	EXP 	window1: mouseVisible = False
7.1059 	EXP 	Created polygon_2 = ShapeStim(__class__=<class 'psychopy.visual.shape.ShapeStim'>, anchor=('center', 'center'), autoDraw=False, autoLog=True, closeShape=True, color=method-wrapper(...), colorSpace='rgb', contrast=None, depth=-1.0, draggable=False, fillColor=array([ 1., -1., -1.]), fillColorSpace='rgb', fillRGB=array([ 1., -1., -1.]), interpolate=True, lineColor=array([-1., -1., -1.]), lineColorSpace='rgb', lineRGB=array([-1., -1., -1.]), lineWidth=3.0, name='polygon_2', opacity=0.5, ori=0.0, pos=array([0., 0.]), size=array([0.2, 0.2]), units='deg', vertices=ndarray(...), win=Window(...), windingRule=None)
7.1060 	EXP 	window1: mouseVisible = False
7.1069 	EXP 	Created text_5 = TextStim(__class__=<class 'psychopy.visual.text.TextStim'>, alignHoriz=method-wrapper(...), alignText='center', alignVert=method-wrapper(...), anchorHoriz='center', anchorVert='center', antialias=True, autoDraw=False, autoLog=True, bold=False, color=array([1., 1., 1.]), colorSpace='rgb', contrast=1.0, depth=-3.0, draggable=False, flipHoriz=False, flipVert=False, font='Open Sans', fontFiles=[], height=0.5, italic=False, languageStyle='LTR', name='text_5', opacity=1.0, ori=0.0, pos=array([0., 0.]), rgb=UNKNOWN, text='', units='deg', win=Window(...), wrapWidth=15.0)
7.1069 	EXP 	window1: mouseVisible = False
7.1099 	EXP 	Created text_4 = TextStim(__class__=<class 'psychopy.visual.text.TextStim'>, alignHoriz=method-wrapper(...), alignText='center', alignVert=method-wrapper(...), anchorHoriz='center', anchorVert='center', antialias=True, autoDraw=False, autoLog=True, bold=False, color=array([1., 1., 1.]), colorSpace='rgb', contrast=1.0, depth=-1.0, draggable=False, flipHoriz=False, flipVert=False, font='Open Sans', fontFiles=[], height=0.5, italic=False, languageStyle='LTR', name='text_4', opacity=1.0, ori=0.0, pos=array([0., 0.]), rgb=UNKNOWN, text='waiting for scanner…', units='deg', win=Window(...), wrapWidth=15.0)
0.0106 	EXP 	text_6: height = 0.5
0.0106 	EXP 	text_6: height = 0.5
0.0106 	EXP 	text_6: height = 0.5
0.0106 	EXP 	text_6: text = 'Press any button to begin the practice trials.'
0.0106 	EXP 	text_6: autoDraw = True
1.9803 	EXP 	Imported practice_conditions_files/practice_participant3_.csv as conditions, 20 conditions, 3 params
1.9807 	EXP 	Created sequence: sequential, trialTypes=20, nReps=1, seed=None
1.9808 	EXP 	New trial (rep=0, index=0): OrderedDict([('current_image', 'practice_images/paired_image_15_2.png'), ('trial_index', 0), ('is_blank_trial', 0)])
1.9947 	DATA 	Keypress: 3
1.9970 	EXP 	text_6: autoDraw = False
1.9970 	EXP 	image_2: image = 'practice_images/paired_image_15_2.png'
1.9970 	EXP 	image_2: autoDraw = True
1.9970 	EXP 	polygon_3: autoDraw = True
3.8368 	DATA 	Keypress: escape
3.9909 	EXP 	replicate_nsd: status = STOPPED
3.9979 	EXP 	image_2: autoDraw = False
3.9979 	EXP 	polygon_3: autoDraw = False
3.9979 	EXP 	replicate_nsd: status = STOPPED
4.0359 	EXP 	window1: mouseVisible = True
4.1097 	WARNING 	Stopping key buffers but this could be dangerous ifother keyboards rely on the same.
4.1097 	WARNING 	Stopping key buffers but this could be dangerous ifother keyboards rely on the same.
4.1098 	WARNING 	Stopping key buffers but this could be dangerous ifother keyboards rely on the same.
4.1098 	WARNING 	Stopping key buffers but this could be dangerous ifother keyboards rely on the same.
4.1098 	WARNING 	Stopping key buffers but this could be dangerous ifother keyboards rely on the same.
4.1098 	WARNING 	Stopping key buffers but this could be dangerous ifother keyboards rely on the same.
4.1098 	WARNING 	Stopping key buffers but this could be dangerous ifother keyboards rely on the same.
4.1098 	WARNING 	Stopping key buffers but this could be dangerous ifother keyboards rely on the same.
4.1098 	WARNING 	Stopping key buffers but this could be dangerous ifother keyboards rely on the same.
4.1098 	WARNING 	Stopping key buffers but this could be dangerous ifother keyboards rely on the same.
4.1098 	WARNING 	Stopping key buffers but this could be dangerous ifother keyboards rely on the same.
