5.4930 	WARNING 	User requested fullscreen with size [1792 1120], but screen is actually [1512, 982]. Using actual size
6.6620 	WARNING 	Couldn't measure a consistent frame rate!
  - Is your graphics card set to sync to vertical blank?
  - Are you running other processes on your computer?

6.6624 	EXP 	Created window1 = Window(allowGUI=True, allowStencil=False, autoLog=True, backendConf=UNKNOWN, backgroundFit=<method-wrapper '__getattribute__' of attributeSetter object at 0x7f80bdbcaf10>, backgroundImage=<method-wrapper '__getattribute__' of attributeSetter object at 0x7f80bdbcaeb0>, bitsMode=UNKNOWN, blendMode='avg', bpc=(8, 8, 8), color=array([-0.0039, -0.0039, -0.0039]), colorSpace='rgb', depthBits=8, fullscr=<method-wrapper '__getattribute__' of attributeSetter object at 0x7f80bdbcacd0>, gamma=None, gammaErrorPolicy='raise', lms=UNKNOWN, monitor=<psychopy.monitors.calibTools.Monitor object at 0x7f80bdb43d00>, multiSample=False, name='window1', numSamples=2, pos=[378.0, 245.5], screen=0, size=array([3024, 1964]), stencilBits=0, stereo=False, title='PsychoPy', units='deg', useFBO=True, useRetina=True, viewOri=0.0, viewPos=None, viewScale=None, waitBlanking=True, winType='pyglet')
6.6625 	EXP 	window1: mouseVisible = True
6.6625 	EXP 	window1: backgroundImage = ''
6.6625 	EXP 	window1: backgroundFit = 'none'
6.6642 	EXP 	window1: Attempting to measure frame rate of screen (0) ...
6.6642 	EXP 	window1: recordFrameIntervals = False
6.7530 	EXP 	window1: recordFrameIntervals = True
7.5779 	WARNING 	Couldn't measure a consistent frame rate!
  - Is your graphics card set to sync to vertical blank?
  - Are you running other processes on your computer?

7.5788 	EXP 	window1: mouseVisible = False
8.0469 	EXP 	replicate_nsd: status = STARTED
8.0997 	EXP 	window1: mouseVisible = True
8.1056 	EXP 	Created text_6 = TextStim(__class__=<class 'psychopy.visual.text.TextStim'>, alignHoriz=method-wrapper(...), alignText='center', alignVert=method-wrapper(...), anchorHoriz='center', anchorVert='center', antialias=True, autoDraw=False, autoLog=True, bold=False, color=array([1., 1., 1.]), colorSpace='rgb', contrast=1.0, depth=-1.0, draggable=False, flipHoriz=False, flipVert=False, font='Open Sans', fontFiles=[], height=0.5, italic=False, languageStyle='LTR', name='text_6', opacity=1.0, ori=0.0, pos=array([0., 0.]), rgb=UNKNOWN, text='', units='deg', win=Window(...), wrapWidth=15.0)
8.1057 	EXP 	window1: mouseVisible = True
8.1209 	EXP 	Created image_2 = ImageStim(__class__=<class 'psychopy.visual.image.ImageStim'>, anchor=('center', 'center'), autoLog=True, color=array([1., 1., 1.]), colorSpace='rgb', contrast=1.0, depth=0.0, draggable=False, flipHoriz=False, flipVert=False, image='default.png', interpolate=True, mask=None, maskParams=None, name='image_2', opacity=1.0, ori=0.0, pos=array([0., 0.]), size=array([8.4, 8.4]), texRes=128.0, units='deg', win=Window(...))
8.1743 	EXP 	window1: mouseVisible = True
8.1782 	EXP 	Created polygon_3 = ShapeStim(__class__=<class 'psychopy.visual.shape.ShapeStim'>, anchor=('center', 'center'), autoDraw=False, autoLog=True, closeShape=True, color=method-wrapper(...), colorSpace='rgb', contrast=None, depth=-2.0, draggable=False, fillColor=array([ 1., -1., -1.]), fillColorSpace='rgb', fillRGB=array([ 1., -1., -1.]), interpolate=True, lineColor=array([-1., -1., -1.]), lineColorSpace='rgb', lineRGB=array([-1., -1., -1.]), lineWidth=3.0, name='polygon_3', opacity=0.5, ori=0.0, pos=array([0., 0.]), size=array([0.2, 0.2]), units='deg', vertices=ndarray(...), win=Window(...), windingRule=None)
8.2309 	EXP 	window1: mouseVisible = True
8.2338 	EXP 	Created polygon_4 = ShapeStim(__class__=<class 'psychopy.visual.shape.ShapeStim'>, anchor=('center', 'center'), autoDraw=False, autoLog=True, closeShape=True, color=method-wrapper(...), colorSpace='rgb', contrast=None, depth=0.0, draggable=False, fillColor=array([ 1., -1., -1.]), fillColorSpace='rgb', fillRGB=array([ 1., -1., -1.]), interpolate=True, lineColor=array([-1., -1., -1.]), lineColorSpace='rgb', lineRGB=array([-1., -1., -1.]), lineWidth=3.0, name='polygon_4', opacity=0.5, ori=0.0, pos=array([0., 0.]), size=array([0.2, 0.2]), units='deg', vertices=ndarray(...), win=Window(...), windingRule=None)
8.2866 	EXP 	window1: mouseVisible = True
8.2876 	EXP 	Created text_7 = TextStim(__class__=<class 'psychopy.visual.text.TextStim'>, alignHoriz=method-wrapper(...), alignText='center', alignVert=method-wrapper(...), anchorHoriz='center', anchorVert='center', antialias=True, autoDraw=False, autoLog=True, bold=False, color=array([1., 1., 1.]), colorSpace='rgb', contrast=1.0, depth=-1.0, draggable=False, flipHoriz=False, flipVert=False, font='Open Sans', fontFiles=[], height=0.5, italic=False, languageStyle='LTR', name='text_7', opacity=1.0, ori=0.0, pos=array([0., 0.]), rgb=UNKNOWN, text='', units='deg', win=Window(...), wrapWidth=15.0)
8.3403 	EXP 	window1: mouseVisible = True
8.3648 	EXP 	Created text_3 = TextStim(__class__=<class 'psychopy.visual.text.TextStim'>, alignHoriz=method-wrapper(...), alignText='center', alignVert=method-wrapper(...), anchorHoriz='center', anchorVert='center', antialias=True, autoDraw=False, autoLog=True, bold=False, color=array([1., 1., 1.]), colorSpace='rgb', contrast=1.0, depth=-1.0, draggable=False, flipHoriz=False, flipVert=False, font='Open Sans', fontFiles=[], height=0.5000000000000002, italic=False, languageStyle='LTR', name='text_3', opacity=1.0, ori=0.0, pos=array([0., 0.]), rgb=UNKNOWN, text='waiting for scanner…', units='deg', win=Window(...), wrapWidth=15.0)
8.3650 	EXP 	window1: mouseVisible = True
8.3747 	EXP 	Created image = ImageStim(__class__=<class 'psychopy.visual.image.ImageStim'>, anchor=('center', 'center'), autoLog=True, color=array([1., 1., 1.]), colorSpace='rgb', contrast=1.0, depth=0.0, draggable=False, flipHoriz=False, flipVert=False, image='default.png', interpolate=True, mask=None, maskParams=None, name='image', opacity=1.0, ori=0.0, pos=array([0., 0.]), size=array([8.4, 8.4]), texRes=128.0, units='deg', win=Window(...))
8.4282 	EXP 	window1: mouseVisible = True
8.4314 	EXP 	Created polygon = ShapeStim(__class__=<class 'psychopy.visual.shape.ShapeStim'>, anchor=('center', 'center'), autoDraw=False, autoLog=True, closeShape=True, color=method-wrapper(...), colorSpace='rgb', contrast=None, depth=-2.0, draggable=False, fillColor=array([ 1., -1., -1.]), fillColorSpace='rgb', fillRGB=array([ 1., -1., -1.]), interpolate=True, lineColor=array([-1., -1., -1.]), lineColorSpace='rgb', lineRGB=array([-1., -1., -1.]), lineWidth=3.0, name='polygon', opacity=0.5, ori=0.0, pos=array([0., 0.]), size=array([0.2, 0.2]), units='deg', vertices=ndarray(...), win=Window(...), windingRule=None)
8.5366 	EXP 	window1: mouseVisible = True
8.5395 	EXP 	Created polygon_2 = ShapeStim(__class__=<class 'psychopy.visual.shape.ShapeStim'>, anchor=('center', 'center'), autoDraw=False, autoLog=True, closeShape=True, color=method-wrapper(...), colorSpace='rgb', contrast=None, depth=-1.0, draggable=False, fillColor=array([ 1., -1., -1.]), fillColorSpace='rgb', fillRGB=array([ 1., -1., -1.]), interpolate=True, lineColor=array([-1., -1., -1.]), lineColorSpace='rgb', lineRGB=array([-1., -1., -1.]), lineWidth=3.0, name='polygon_2', opacity=0.5, ori=0.0, pos=array([0., 0.]), size=array([0.2, 0.2]), units='deg', vertices=ndarray(...), win=Window(...), windingRule=None)
8.5967 	EXP 	window1: mouseVisible = True
8.5978 	EXP 	Created text_5 = TextStim(__class__=<class 'psychopy.visual.text.TextStim'>, alignHoriz=method-wrapper(...), alignText='center', alignVert=method-wrapper(...), anchorHoriz='center', anchorVert='center', antialias=True, autoDraw=False, autoLog=True, bold=False, color=array([1., 1., 1.]), colorSpace='rgb', contrast=1.0, depth=-3.0, draggable=False, flipHoriz=False, flipVert=False, font='Open Sans', fontFiles=[], height=0.5, italic=False, languageStyle='LTR', name='text_5', opacity=1.0, ori=0.0, pos=array([0., 0.]), rgb=UNKNOWN, text='', units='deg', win=Window(...), wrapWidth=15.0)
8.6505 	EXP 	window1: mouseVisible = True
8.6532 	EXP 	Created text_4 = TextStim(__class__=<class 'psychopy.visual.text.TextStim'>, alignHoriz=method-wrapper(...), alignText='center', alignVert=method-wrapper(...), anchorHoriz='center', anchorVert='center', antialias=True, autoDraw=False, autoLog=True, bold=False, color=array([1., 1., 1.]), colorSpace='rgb', contrast=1.0, depth=-1.0, draggable=False, flipHoriz=False, flipVert=False, font='Open Sans', fontFiles=[], height=0.5000000000000002, italic=False, languageStyle='LTR', name='text_4', opacity=1.0, ori=0.0, pos=array([0., 0.]), rgb=UNKNOWN, text='waiting for scanner…', units='deg', win=Window(...), wrapWidth=15.0)
0.0141 	EXP 	text_6: height = 0.5000000000000001
0.0141 	EXP 	text_6: height = 0.5000000000000002
0.0141 	EXP 	text_6: height = 0.5000000000000002
0.0141 	EXP 	text_6: text = 'Press any button to begin the practice trials.'
0.0141 	EXP 	text_6: autoDraw = True
1.0042 	EXP 	Imported practice_conditions_files/practice_participant3_.csv as conditions, 20 conditions, 3 params
1.0051 	EXP 	Created sequence: sequential, trialTypes=20, nReps=1, seed=None
1.0053 	EXP 	New trial (rep=0, index=0): OrderedDict([('current_image', 'practice_images/paired_image_15_2.png'), ('trial_index', 0), ('is_blank_trial', 0)])
1.0202 	DATA 	Keypress: 2
1.0247 	WARNING 	t of last frame was 32.13ms (=1/31)
1.0247 	EXP 	text_6: autoDraw = False
1.0247 	EXP 	image_2: image = 'practice_images/paired_image_15_2.png'
1.0247 	EXP 	polygon_3: autoDraw = True
1.5129 	EXP 	image_2: autoDraw = True
3.0045 	EXP 	New trial (rep=0, index=1): OrderedDict([('current_image', 'practice_images/paired_image_20_2.png'), ('trial_index', 1), ('is_blank_trial', 0)])
3.0174 	EXP 	image_2: autoDraw = False
3.0174 	EXP 	polygon_3: autoDraw = False
3.0174 	EXP 	image_2: autoDraw = False
3.0174 	EXP 	polygon_3: autoDraw = False
3.0174 	EXP 	polygon_4: autoDraw = False
3.0174 	EXP 	image_2: image = 'practice_images/paired_image_20_2.png'
3.0174 	EXP 	polygon_3: autoDraw = True
3.5204 	EXP 	image_2: autoDraw = True
5.0147 	EXP 	New trial (rep=0, index=2): OrderedDict([('current_image', 'practice_images/paired_image_28_1.png'), ('trial_index', 2), ('is_blank_trial', 0)])
5.0305 	EXP 	image_2: autoDraw = False
5.0305 	EXP 	polygon_3: autoDraw = False
5.0305 	EXP 	image_2: autoDraw = False
5.0305 	EXP 	polygon_3: autoDraw = False
5.0305 	EXP 	polygon_4: autoDraw = False
5.0305 	EXP 	image_2: image = 'practice_images/paired_image_28_1.png'
5.0305 	EXP 	polygon_3: autoDraw = True
5.5210 	EXP 	image_2: autoDraw = True
7.0095 	EXP 	New trial (rep=0, index=3): OrderedDict([('current_image', 'practice_images/paired_image_6_2.png'), ('trial_index', 3), ('is_blank_trial', 0)])
7.0172 	EXP 	image_2: autoDraw = False
7.0172 	EXP 	polygon_3: autoDraw = False
7.0172 	EXP 	image_2: autoDraw = False
7.0172 	EXP 	polygon_3: autoDraw = False
7.0172 	EXP 	polygon_4: autoDraw = False
7.0172 	EXP 	image_2: image = 'practice_images/paired_image_6_2.png'
7.0172 	EXP 	polygon_3: autoDraw = True
7.5204 	EXP 	image_2: autoDraw = True
7.5317 	DATA 	Keypress: escape
7.6957 	EXP 	replicate_nsd: status = STOPPED
7.7019 	EXP 	image_2: autoDraw = False
7.7019 	EXP 	polygon_3: autoDraw = False
7.7020 	EXP 	replicate_nsd: status = STOPPED
7.7307 	EXP 	window1: mouseVisible = True
