7.0452 	WARNING 	User requested fullscreen with size [1792 1120], but screen is actually [1920, 1080]. Using actual size
7.2252 	EXP 	Created window1 = Window(allowGUI=True, allowStencil=False, autoLog=True, backendConf=UNKNOWN, backgroundFit=<method-wrapper '__getattribute__' of attributeSetter object at 0x7f92e4b2c970>, backgroundImage=<method-wrapper '__getattribute__' of attributeSetter object at 0x7f92e4b2c910>, bitsMode=UNKNOWN, blendMode='avg', bpc=(8, 8, 8), color=array([-0.0039, -0.0039, -0.0039]), colorSpace='rgb', depthBits=8, fullscr=<method-wrapper '__getattribute__' of attributeSetter object at 0x7f92e4b2c370>, gamma=None, gammaErrorPolicy='raise', infoMsg=UNKNOWN, lms=UNKNOWN, monitor=<psychopy.monitors.calibTools.Monitor object at 0x7f92e4acf3a0>, multiSample=False, name='window1', numSamples=2, pos=[0.0, 0.0], screen=0, size=array([1920, 1080]), stencilBits=0, stereo=False, title='PsychoPy', units='deg', useFBO=True, useRetina=False, viewOri=0.0, viewPos=None, viewScale=None, waitBlanking=True, winType='pyglet')
7.2253 	EXP 	window1: backgroundImage = ''
7.2253 	EXP 	window1: backgroundFit = 'none'
7.2255 	EXP 	window1: mouseVisible = <method-wrapper '__getattribute__' of attributeSetter object at 0x7f92e4b2c700>
7.2259 	EXP 	window1: mouseVisible = <method-wrapper '__getattribute__' of attributeSetter object at 0x7f92e4b2c700>
7.2281 	EXP 	window1: mouseVisible = <method-wrapper '__getattribute__' of attributeSetter object at 0x7f92e4b2c700>
7.2286 	EXP 	window1: mouseVisible = <method-wrapper '__getattribute__' of attributeSetter object at 0x7f92e4b2c700>
7.2703 	EXP 	window1: mouseVisible = <method-wrapper '__getattribute__' of attributeSetter object at 0x7f92e4b2c700>
7.2705 	EXP 	window1: mouseVisible = <method-wrapper '__getattribute__' of attributeSetter object at 0x7f92e4b2c700>
7.2711 	EXP 	window1: mouseVisible = <method-wrapper '__getattribute__' of attributeSetter object at 0x7f92e4b2c700>
7.2717 	EXP 	window1: mouseVisible = <method-wrapper '__getattribute__' of attributeSetter object at 0x7f92e4b2c700>
7.2874 	EXP 	window1: Attempting to measure frame rate of screen (0) ...
7.2875 	EXP 	window1: recordFrameIntervals = False
7.4389 	EXP 	window1: recordFrameIntervals = True
7.6592 	EXP 	Screen (0) actual frame rate measured at 100.00Hz
7.6592 	EXP 	window1: recordFrameIntervals = False
7.6606 	EXP 	window1: mouseVisible = False
8.6010 	EXP 	replicate_nsd: status = STARTED
8.6014 	EXP 	window1: mouseVisible = False
8.6081 	EXP 	Created text_6 = TextStim(__class__=<class 'psychopy.visual.text.TextStim'>, alignHoriz=method-wrapper(...), alignText='center', alignVert=method-wrapper(...), anchorHoriz='center', anchorVert='center', antialias=True, autoDraw=False, autoLog=True, bold=False, color=array([1., 1., 1.]), colorSpace='rgb', contrast=1.0, depth=-1.0, draggable=False, flipHoriz=False, flipVert=False, font='Open Sans', fontFiles=[], height=0.5, italic=False, languageStyle='LTR', name='text_6', opacity=1.0, ori=0.0, pos=array([0., 0.]), rgb=UNKNOWN, text='', units='deg', win=Window(...), wrapWidth=15.0)
8.6081 	EXP 	window1: mouseVisible = False
8.6162 	EXP 	Created image_2 = ImageStim(__class__=<class 'psychopy.visual.image.ImageStim'>, anchor=('center', 'center'), autoLog=True, color=array([1., 1., 1.]), colorSpace='rgb', contrast=1.0, depth=0.0, draggable=False, flipHoriz=False, flipVert=False, image='default.png', interpolate=True, mask=None, maskParams=None, name='image_2', opacity=1.0, ori=0.0, pos=array([0., 0.]), size=array([8.4, 8.4]), texRes=128.0, units='deg', win=Window(...))
8.6163 	EXP 	window1: mouseVisible = False
8.6193 	EXP 	Created polygon_3 = ShapeStim(__class__=<class 'psychopy.visual.shape.ShapeStim'>, anchor=('center', 'center'), autoDraw=False, autoLog=True, closeShape=True, color=method-wrapper(...), colorSpace='rgb', contrast=None, depth=-2.0, draggable=False, fillColor=array([ 1., -1., -1.]), fillColorSpace='rgb', fillRGB=array([ 1., -1., -1.]), interpolate=True, lineColor=array([-1., -1., -1.]), lineColorSpace='rgb', lineRGB=array([-1., -1., -1.]), lineWidth=3.0, name='polygon_3', opacity=0.5, ori=0.0, pos=array([0., 0.]), size=array([0.2, 0.2]), units='deg', vertices=ndarray(...), win=Window(...), windingRule=None)
8.6193 	EXP 	window1: mouseVisible = False
8.6228 	EXP 	Created polygon_4 = ShapeStim(__class__=<class 'psychopy.visual.shape.ShapeStim'>, anchor=('center', 'center'), autoDraw=False, autoLog=True, closeShape=True, color=method-wrapper(...), colorSpace='rgb', contrast=None, depth=0.0, draggable=False, fillColor=array([ 1., -1., -1.]), fillColorSpace='rgb', fillRGB=array([ 1., -1., -1.]), interpolate=True, lineColor=array([-1., -1., -1.]), lineColorSpace='rgb', lineRGB=array([-1., -1., -1.]), lineWidth=3.0, name='polygon_4', opacity=0.5, ori=0.0, pos=array([0., 0.]), size=array([0.2, 0.2]), units='deg', vertices=ndarray(...), win=Window(...), windingRule=None)
8.6229 	EXP 	window1: mouseVisible = False
8.6238 	EXP 	Created text_7 = TextStim(__class__=<class 'psychopy.visual.text.TextStim'>, alignHoriz=method-wrapper(...), alignText='center', alignVert=method-wrapper(...), anchorHoriz='center', anchorVert='center', antialias=True, autoDraw=False, autoLog=True, bold=False, color=array([1., 1., 1.]), colorSpace='rgb', contrast=1.0, depth=-1.0, draggable=False, flipHoriz=False, flipVert=False, font='Open Sans', fontFiles=[], height=0.5, italic=False, languageStyle='LTR', name='text_7', opacity=1.0, ori=0.0, pos=array([0., 0.]), rgb=UNKNOWN, text='', units='deg', win=Window(...), wrapWidth=15.0)
8.6239 	EXP 	window1: mouseVisible = False
8.6461 	EXP 	Created text_3 = TextStim(__class__=<class 'psychopy.visual.text.TextStim'>, alignHoriz=method-wrapper(...), alignText='center', alignVert=method-wrapper(...), anchorHoriz='center', anchorVert='center', antialias=True, autoDraw=False, autoLog=True, bold=False, color=array([1., 1., 1.]), colorSpace='rgb', contrast=1.0, depth=-1.0, draggable=False, flipHoriz=False, flipVert=False, font='Open Sans', fontFiles=[], height=0.5000000000000002, italic=False, languageStyle='LTR', name='text_3', opacity=1.0, ori=0.0, pos=array([0., 0.]), rgb=UNKNOWN, text='waiting for scanner…', units='deg', win=Window(...), wrapWidth=15.0)
8.6462 	EXP 	window1: mouseVisible = False
8.6498 	EXP 	Created image = ImageStim(__class__=<class 'psychopy.visual.image.ImageStim'>, anchor=('center', 'center'), autoLog=True, color=array([1., 1., 1.]), colorSpace='rgb', contrast=1.0, depth=0.0, draggable=False, flipHoriz=False, flipVert=False, image='default.png', interpolate=True, mask=None, maskParams=None, name='image', opacity=1.0, ori=0.0, pos=array([0., 0.]), size=array([8.4, 8.4]), texRes=128.0, units='deg', win=Window(...))
8.6499 	EXP 	window1: mouseVisible = False
8.6534 	EXP 	Created polygon = ShapeStim(__class__=<class 'psychopy.visual.shape.ShapeStim'>, anchor=('center', 'center'), autoDraw=False, autoLog=True, closeShape=True, color=method-wrapper(...), colorSpace='rgb', contrast=None, depth=-2.0, draggable=False, fillColor=array([ 1., -1., -1.]), fillColorSpace='rgb', fillRGB=array([ 1., -1., -1.]), interpolate=True, lineColor=array([-1., -1., -1.]), lineColorSpace='rgb', lineRGB=array([-1., -1., -1.]), lineWidth=3.0, name='polygon', opacity=0.5, ori=0.0, pos=array([0., 0.]), size=array([0.2, 0.2]), units='deg', vertices=ndarray(...), win=Window(...), windingRule=None)
8.6536 	EXP 	window1: mouseVisible = False
8.6562 	EXP 	Created polygon_2 = ShapeStim(__class__=<class 'psychopy.visual.shape.ShapeStim'>, anchor=('center', 'center'), autoDraw=False, autoLog=True, closeShape=True, color=method-wrapper(...), colorSpace='rgb', contrast=None, depth=-1.0, draggable=False, fillColor=array([ 1., -1., -1.]), fillColorSpace='rgb', fillRGB=array([ 1., -1., -1.]), interpolate=True, lineColor=array([-1., -1., -1.]), lineColorSpace='rgb', lineRGB=array([-1., -1., -1.]), lineWidth=3.0, name='polygon_2', opacity=0.5, ori=0.0, pos=array([0., 0.]), size=array([0.2, 0.2]), units='deg', vertices=ndarray(...), win=Window(...), windingRule=None)
8.6563 	EXP 	window1: mouseVisible = False
8.6572 	EXP 	Created text_5 = TextStim(__class__=<class 'psychopy.visual.text.TextStim'>, alignHoriz=method-wrapper(...), alignText='center', alignVert=method-wrapper(...), anchorHoriz='center', anchorVert='center', antialias=True, autoDraw=False, autoLog=True, bold=False, color=array([1., 1., 1.]), colorSpace='rgb', contrast=1.0, depth=-3.0, draggable=False, flipHoriz=False, flipVert=False, font='Open Sans', fontFiles=[], height=0.5, italic=False, languageStyle='LTR', name='text_5', opacity=1.0, ori=0.0, pos=array([0., 0.]), rgb=UNKNOWN, text='', units='deg', win=Window(...), wrapWidth=15.0)
8.6573 	EXP 	window1: mouseVisible = False
8.6597 	EXP 	Created text_4 = TextStim(__class__=<class 'psychopy.visual.text.TextStim'>, alignHoriz=method-wrapper(...), alignText='center', alignVert=method-wrapper(...), anchorHoriz='center', anchorVert='center', antialias=True, autoDraw=False, autoLog=True, bold=False, color=array([1., 1., 1.]), colorSpace='rgb', contrast=1.0, depth=-1.0, draggable=False, flipHoriz=False, flipVert=False, font='Open Sans', fontFiles=[], height=0.5000000000000002, italic=False, languageStyle='LTR', name='text_4', opacity=1.0, ori=0.0, pos=array([0., 0.]), rgb=UNKNOWN, text='waiting for scanner…', units='deg', win=Window(...), wrapWidth=15.0)
0.0121 	EXP 	text_6: height = 0.5000000000000001
0.0121 	EXP 	text_6: height = 0.5000000000000002
0.0121 	EXP 	text_6: height = 0.5000000000000002
0.0121 	EXP 	text_6: text = 'Press any button to begin the practice trials.'
0.0121 	EXP 	text_6: autoDraw = True
0.4200 	DATA 	Mouse: wheel shift=(0,0), pos=(936,606)
0.6276 	DATA 	Mouse: wheel shift=(0,0), pos=(936,606)
1.2551 	EXP 	Imported practice_conditions_files/practice_participant3_.csv as conditions, 20 conditions, 3 params
1.2555 	EXP 	Created sequence: sequential, trialTypes=20, nReps=1, seed=None
1.2557 	EXP 	New trial (rep=0, index=0): OrderedDict([('current_image', 'practice_images/paired_image_15_2.png'), ('trial_index', 0), ('is_blank_trial', 0)])
1.2668 	DATA 	Keypress: 2
1.2683 	EXP 	text_6: autoDraw = False
1.2683 	EXP 	image_2: image = 'practice_images/paired_image_15_2.png'
1.2683 	EXP 	image_2: autoDraw = True
1.2683 	EXP 	polygon_3: autoDraw = True
4.2712 	EXP 	image_2: autoDraw = False
5.2608 	EXP 	New trial (rep=0, index=1): OrderedDict([('current_image', 'practice_images/paired_image_20_2.png'), ('trial_index', 1), ('is_blank_trial', 0)])
5.2744 	EXP 	image_2: autoDraw = False
5.2744 	EXP 	polygon_3: autoDraw = False
5.2744 	EXP 	polygon_4: autoDraw = False
5.2744 	EXP 	image_2: image = 'practice_images/paired_image_20_2.png'
5.2744 	EXP 	image_2: autoDraw = True
5.2744 	EXP 	polygon_3: autoDraw = True
8.2666 	EXP 	image_2: autoDraw = False
9.2572 	EXP 	New trial (rep=0, index=2): OrderedDict([('current_image', 'practice_images/paired_image_28_1.png'), ('trial_index', 2), ('is_blank_trial', 0)])
9.2655 	EXP 	polygon_3: autoDraw = False
9.2655 	EXP 	image_2: autoDraw = False
9.2655 	EXP 	polygon_3: autoDraw = False
9.2655 	EXP 	polygon_4: autoDraw = False
9.2655 	EXP 	image_2: image = 'practice_images/paired_image_28_1.png'
9.2655 	EXP 	image_2: autoDraw = True
9.2655 	EXP 	polygon_3: autoDraw = True
10.2469 	DATA 	Keypress: escape
10.3705 	EXP 	replicate_nsd: status = STOPPED
10.3772 	EXP 	image_2: autoDraw = False
10.3772 	EXP 	polygon_3: autoDraw = False
10.3773 	EXP 	replicate_nsd: status = STOPPED
10.4085 	EXP 	window1: mouseVisible = True
10.4824 	WARNING 	Stopping key buffers but this could be dangerous ifother keyboards rely on the same.
10.4825 	WARNING 	Stopping key buffers but this could be dangerous ifother keyboards rely on the same.
10.4825 	WARNING 	Stopping key buffers but this could be dangerous ifother keyboards rely on the same.
10.4825 	WARNING 	Stopping key buffers but this could be dangerous ifother keyboards rely on the same.
10.4825 	WARNING 	Stopping key buffers but this could be dangerous ifother keyboards rely on the same.
10.4825 	WARNING 	Stopping key buffers but this could be dangerous ifother keyboards rely on the same.
10.4825 	WARNING 	Stopping key buffers but this could be dangerous ifother keyboards rely on the same.
10.4825 	WARNING 	Stopping key buffers but this could be dangerous ifother keyboards rely on the same.
10.4825 	WARNING 	Stopping key buffers but this could be dangerous ifother keyboards rely on the same.
10.4825 	WARNING 	Stopping key buffers but this could be dangerous ifother keyboards rely on the same.
10.4826 	WARNING 	Stopping key buffers but this could be dangerous ifother keyboards rely on the same.
