7.7270 	WARNING 	User requested fullscreen with size [1792 1120], but screen is actually [1920, 1080]. Using actual size
8.9891 	WARNING 	Couldn't measure a consistent frame rate!
  - Is your graphics card set to sync to vertical blank?
  - Are you running other processes on your computer?

8.9907 	EXP 	Created window1 = Window(allowGUI=True, allowStencil=False, autoLog=True, backendConf=UNKNOWN, backgroundFit=<method-wrapper '__getattribute__' of attributeSetter object at 0x7f91d8d9e8e0>, backgroundImage=<method-wrapper '__getattribute__' of attributeSetter object at 0x7f91d8d9eee0>, bitsMode=UNKNOWN, blendMode='avg', bpc=(8, 8, 8), color=array([-0.0039, -0.0039, -0.0039]), colorSpace='rgb', depthBits=8, fullscr=<method-wrapper '__getattribute__' of attributeSetter object at 0x7f91d8d9ee20>, gamma=None, gammaErrorPolicy='raise', lms=UNKNOWN, monitor=<psychopy.monitors.calibTools.Monitor object at 0x7f91ed97dcd0>, multiSample=False, name='window1', numSamples=2, pos=[0.0, 0.0], screen=0, size=array([1920, 1080]), stencilBits=0, stereo=False, title='PsychoPy', units='deg', useFBO=True, useRetina=False, viewOri=0.0, viewPos=None, viewScale=None, waitBlanking=True, winType='pyglet')
8.9910 	EXP 	window1: mouseVisible = True
8.9910 	EXP 	window1: backgroundImage = ''
8.9910 	EXP 	window1: backgroundFit = 'none'
8.9935 	EXP 	window1: Attempting to measure frame rate of screen (0) ...
8.9935 	EXP 	window1: recordFrameIntervals = False
9.0721 	EXP 	window1: recordFrameIntervals = True
9.9058 	WARNING 	Couldn't measure a consistent frame rate!
  - Is your graphics card set to sync to vertical blank?
  - Are you running other processes on your computer?

9.9098 	EXP 	window1: mouseVisible = False
11.2696 	EXP 	replicate_nsd: status = STARTED
11.4041 	EXP 	window1: mouseVisible = True
11.4116 	EXP 	Created text_6 = TextStim(__class__=<class 'psychopy.visual.text.TextStim'>, alignHoriz=method-wrapper(...), alignText='center', alignVert=method-wrapper(...), anchorHoriz='center', anchorVert='center', antialias=True, autoDraw=False, autoLog=True, bold=False, color=array([1., 1., 1.]), colorSpace='rgb', contrast=1.0, depth=-1.0, draggable=False, flipHoriz=False, flipVert=False, font='Open Sans', fontFiles=[], height=0.5, italic=False, languageStyle='LTR', name='text_6', opacity=1.0, ori=0.0, pos=array([0., 0.]), rgb=UNKNOWN, text='', units='deg', win=Window(...), wrapWidth=15.0)
11.4117 	EXP 	window1: mouseVisible = True
11.4295 	EXP 	Created image_2 = ImageStim(__class__=<class 'psychopy.visual.image.ImageStim'>, anchor=('center', 'center'), autoLog=True, color=array([1., 1., 1.]), colorSpace='rgb', contrast=1.0, depth=0.0, draggable=False, flipHoriz=False, flipVert=False, image='default.png', interpolate=True, mask=None, maskParams=None, name='image_2', opacity=1.0, ori=0.0, pos=array([0., 0.]), size=array([8.4, 8.4]), texRes=128.0, units='deg', win=Window(...))
11.5649 	EXP 	window1: mouseVisible = True
11.5713 	EXP 	Created polygon_3 = ShapeStim(__class__=<class 'psychopy.visual.shape.ShapeStim'>, anchor=('center', 'center'), autoDraw=False, autoLog=True, closeShape=True, color=method-wrapper(...), colorSpace='rgb', contrast=None, depth=-2.0, draggable=False, fillColor=array([ 1., -1., -1.]), fillColorSpace='rgb', fillRGB=array([ 1., -1., -1.]), interpolate=True, lineColor=array([-1., -1., -1.]), lineColorSpace='rgb', lineRGB=array([-1., -1., -1.]), lineWidth=3.0, name='polygon_3', opacity=0.5, ori=0.0, pos=array([0., 0.]), size=array([0.2, 0.2]), units='deg', vertices=ndarray(...), win=Window(...), windingRule=None)
11.7075 	EXP 	window1: mouseVisible = True
11.7105 	EXP 	Created polygon_4 = ShapeStim(__class__=<class 'psychopy.visual.shape.ShapeStim'>, anchor=('center', 'center'), autoDraw=False, autoLog=True, closeShape=True, color=method-wrapper(...), colorSpace='rgb', contrast=None, depth=0.0, draggable=False, fillColor=array([ 1., -1., -1.]), fillColorSpace='rgb', fillRGB=array([ 1., -1., -1.]), interpolate=True, lineColor=array([-1., -1., -1.]), lineColorSpace='rgb', lineRGB=array([-1., -1., -1.]), lineWidth=3.0, name='polygon_4', opacity=0.5, ori=0.0, pos=array([0., 0.]), size=array([0.2, 0.2]), units='deg', vertices=ndarray(...), win=Window(...), windingRule=None)
11.8457 	EXP 	window1: mouseVisible = True
11.8467 	EXP 	Created text_7 = TextStim(__class__=<class 'psychopy.visual.text.TextStim'>, alignHoriz=method-wrapper(...), alignText='center', alignVert=method-wrapper(...), anchorHoriz='center', anchorVert='center', antialias=True, autoDraw=False, autoLog=True, bold=False, color=array([1., 1., 1.]), colorSpace='rgb', contrast=1.0, depth=-1.0, draggable=False, flipHoriz=False, flipVert=False, font='Open Sans', fontFiles=[], height=0.5, italic=False, languageStyle='LTR', name='text_7', opacity=1.0, ori=0.0, pos=array([0., 0.]), rgb=UNKNOWN, text='', units='deg', win=Window(...), wrapWidth=15.0)
11.9811 	EXP 	window1: mouseVisible = True
12.0081 	EXP 	Created text_3 = TextStim(__class__=<class 'psychopy.visual.text.TextStim'>, alignHoriz=method-wrapper(...), alignText='center', alignVert=method-wrapper(...), anchorHoriz='center', anchorVert='center', antialias=True, autoDraw=False, autoLog=True, bold=False, color=array([1., 1., 1.]), colorSpace='rgb', contrast=1.0, depth=-1.0, draggable=False, flipHoriz=False, flipVert=False, font='Open Sans', fontFiles=[], height=0.5000000000000002, italic=False, languageStyle='LTR', name='text_3', opacity=1.0, ori=0.0, pos=array([0., 0.]), rgb=UNKNOWN, text='waiting for scanner…', units='deg', win=Window(...), wrapWidth=15.0)
12.0082 	EXP 	window1: mouseVisible = True
12.0178 	EXP 	Created image = ImageStim(__class__=<class 'psychopy.visual.image.ImageStim'>, anchor=('center', 'center'), autoLog=True, color=array([1., 1., 1.]), colorSpace='rgb', contrast=1.0, depth=0.0, draggable=False, flipHoriz=False, flipVert=False, image='default.png', interpolate=True, mask=None, maskParams=None, name='image', opacity=1.0, ori=0.0, pos=array([0., 0.]), size=array([8.4, 8.4]), texRes=128.0, units='deg', win=Window(...))
12.1531 	EXP 	window1: mouseVisible = True
12.1563 	EXP 	Created polygon = ShapeStim(__class__=<class 'psychopy.visual.shape.ShapeStim'>, anchor=('center', 'center'), autoDraw=False, autoLog=True, closeShape=True, color=method-wrapper(...), colorSpace='rgb', contrast=None, depth=-2.0, draggable=False, fillColor=array([ 1., -1., -1.]), fillColorSpace='rgb', fillRGB=array([ 1., -1., -1.]), interpolate=True, lineColor=array([-1., -1., -1.]), lineColorSpace='rgb', lineRGB=array([-1., -1., -1.]), lineWidth=3.0, name='polygon', opacity=0.5, ori=0.0, pos=array([0., 0.]), size=array([0.2, 0.2]), units='deg', vertices=ndarray(...), win=Window(...), windingRule=None)
12.4252 	EXP 	window1: mouseVisible = True
12.4280 	EXP 	Created polygon_2 = ShapeStim(__class__=<class 'psychopy.visual.shape.ShapeStim'>, anchor=('center', 'center'), autoDraw=False, autoLog=True, closeShape=True, color=method-wrapper(...), colorSpace='rgb', contrast=None, depth=-1.0, draggable=False, fillColor=array([ 1., -1., -1.]), fillColorSpace='rgb', fillRGB=array([ 1., -1., -1.]), interpolate=True, lineColor=array([-1., -1., -1.]), lineColorSpace='rgb', lineRGB=array([-1., -1., -1.]), lineWidth=3.0, name='polygon_2', opacity=0.5, ori=0.0, pos=array([0., 0.]), size=array([0.2, 0.2]), units='deg', vertices=ndarray(...), win=Window(...), windingRule=None)
12.5629 	EXP 	window1: mouseVisible = True
12.5639 	EXP 	Created text_5 = TextStim(__class__=<class 'psychopy.visual.text.TextStim'>, alignHoriz=method-wrapper(...), alignText='center', alignVert=method-wrapper(...), anchorHoriz='center', anchorVert='center', antialias=True, autoDraw=False, autoLog=True, bold=False, color=array([1., 1., 1.]), colorSpace='rgb', contrast=1.0, depth=-3.0, draggable=False, flipHoriz=False, flipVert=False, font='Open Sans', fontFiles=[], height=0.5, italic=False, languageStyle='LTR', name='text_5', opacity=1.0, ori=0.0, pos=array([0., 0.]), rgb=UNKNOWN, text='', units='deg', win=Window(...), wrapWidth=15.0)
12.6986 	EXP 	window1: mouseVisible = True
12.7013 	EXP 	Created text_4 = TextStim(__class__=<class 'psychopy.visual.text.TextStim'>, alignHoriz=method-wrapper(...), alignText='center', alignVert=method-wrapper(...), anchorHoriz='center', anchorVert='center', antialias=True, autoDraw=False, autoLog=True, bold=False, color=array([1., 1., 1.]), colorSpace='rgb', contrast=1.0, depth=-1.0, draggable=False, flipHoriz=False, flipVert=False, font='Open Sans', fontFiles=[], height=0.5000000000000002, italic=False, languageStyle='LTR', name='text_4', opacity=1.0, ori=0.0, pos=array([0., 0.]), rgb=UNKNOWN, text='waiting for scanner…', units='deg', win=Window(...), wrapWidth=15.0)
0.0140 	EXP 	text_6: height = 0.5000000000000001
0.0140 	EXP 	text_6: height = 0.5000000000000002
0.0140 	EXP 	text_6: height = 0.5000000000000002
0.0140 	EXP 	text_6: text = 'Press any button to begin the practice trials.'
0.0140 	EXP 	text_6: autoDraw = True
1.0417 	EXP 	Imported practice_conditions_files/practice_participant4_.csv as conditions, 20 conditions, 3 params
1.0428 	EXP 	Created sequence: sequential, trialTypes=20, nReps=1, seed=None
1.0430 	EXP 	New trial (rep=0, index=0): OrderedDict([('current_image', 'practice_images/paired_image_21_2.png'), ('trial_index', 0), ('is_blank_trial', 0)])
1.0547 	DATA 	Keypress: 2
1.0566 	WARNING 	t of last frame was 35.81ms (=1/27)
1.0566 	EXP 	text_6: autoDraw = False
1.0566 	EXP 	image_2: image = 'practice_images/paired_image_21_2.png'
1.0566 	EXP 	polygon_3: autoDraw = True
1.5593 	EXP 	image_2: autoDraw = True
3.0554 	EXP 	New trial (rep=0, index=1): OrderedDict([('current_image', 'practice_images/paired_image_15_1.png'), ('trial_index', 1), ('is_blank_trial', 0)])
3.0647 	EXP 	image_2: autoDraw = False
3.0647 	EXP 	polygon_3: autoDraw = False
3.0647 	EXP 	image_2: autoDraw = False
3.0647 	EXP 	polygon_3: autoDraw = False
3.0647 	EXP 	polygon_4: autoDraw = False
3.0647 	EXP 	image_2: image = 'practice_images/paired_image_15_1.png'
3.0647 	EXP 	polygon_3: autoDraw = True
3.5711 	EXP 	image_2: autoDraw = True
5.0589 	EXP 	New trial (rep=0, index=2): OrderedDict([('current_image', 'practice_images/paired_image_25_2.png'), ('trial_index', 2), ('is_blank_trial', 0)])
5.0714 	EXP 	image_2: autoDraw = False
5.0714 	EXP 	polygon_3: autoDraw = False
5.0714 	EXP 	image_2: autoDraw = False
5.0714 	EXP 	polygon_3: autoDraw = False
5.0714 	EXP 	polygon_4: autoDraw = False
5.0714 	EXP 	image_2: image = 'practice_images/paired_image_25_2.png'
5.0714 	EXP 	polygon_3: autoDraw = True
5.5712 	EXP 	image_2: autoDraw = True
7.0592 	EXP 	New trial (rep=0, index=3): OrderedDict([('current_image', 'practice_images/paired_image_4_2.png'), ('trial_index', 3), ('is_blank_trial', 0)])
7.0706 	EXP 	image_2: autoDraw = False
7.0706 	EXP 	polygon_3: autoDraw = False
7.0706 	EXP 	image_2: autoDraw = False
7.0706 	EXP 	polygon_3: autoDraw = False
7.0706 	EXP 	polygon_4: autoDraw = False
7.0706 	EXP 	image_2: image = 'practice_images/paired_image_4_2.png'
7.0706 	EXP 	polygon_3: autoDraw = True
7.5711 	EXP 	image_2: autoDraw = True
9.0593 	EXP 	New trial (rep=0, index=4): OrderedDict([('current_image', 'practice_images/paired_image_24_1.png'), ('trial_index', 4), ('is_blank_trial', 0)])
9.0711 	EXP 	image_2: autoDraw = False
9.0711 	EXP 	polygon_3: autoDraw = False
9.0711 	EXP 	image_2: autoDraw = False
9.0711 	EXP 	polygon_3: autoDraw = False
9.0711 	EXP 	polygon_4: autoDraw = False
9.0711 	EXP 	image_2: image = 'practice_images/paired_image_24_1.png'
9.0711 	EXP 	polygon_3: autoDraw = True
9.5711 	EXP 	image_2: autoDraw = True
9.8217 	DATA 	Keypress: escape
9.8241 	WARNING 	t of last frame was 52.77ms (=1/18)
9.8243 	EXP 	replicate_nsd: status = STOPPED
9.8372 	EXP 	image_2: autoDraw = False
9.8372 	EXP 	polygon_3: autoDraw = False
9.8372 	EXP 	replicate_nsd: status = STOPPED
9.8545 	EXP 	window1: mouseVisible = True
